<?xml version="1.0" encoding="UTF-8"?>
<!-- Generated by org.testng.reporters.JUnitReportReporter -->
<testsuite hostname="Admin-PC" failures="0" tests="1" name="TestLayer.RegisterPageTest" time="6.629" errors="0" timestamp="2023-07-19T11:37:40 IST" skipped="0">
  <testcase classname="TestLayer.RegisterPageTest" name="ValidateRegisterFunctionality" time="6.629"/>
  <system-out/>
</testsuite> <!-- TestLayer.RegisterPageTest -->
