<?xml version="1.0" encoding="UTF-8"?>
<!-- Generated by org.testng.reporters.JUnitReportReporter -->
<testsuite hostname="Admin-PC" failures="0" tests="1" name="TestLayer.UserRegisterPageTest" time="9.135" errors="0" timestamp="2023-07-23T23:06:06 IST" skipped="0">
  <testcase classname="TestLayer.UserRegisterPageTest" name="validateRegisterPageFunctionality" time="9.135"/>
  <system-out/>
</testsuite> <!-- TestLayer.UserRegisterPageTest -->
