<?xml version="1.0" encoding="UTF-8"?>
<!-- Generated by org.testng.reporters.JUnitReportReporter -->
<testsuite hostname="Admin-PC" failures="0" tests="2" name="TestLayer.RegisterSuccessPageTest" time="4.244" errors="1" timestamp="2023-07-23T23:06:06 IST" skipped="0">
  <testcase classname="TestLayer.RegisterSuccessPageTest" name="validateSuccessPageUrl" time="0.014">
    <error type="java.lang.StackOverflowError">
      <![CDATA[java.lang.StackOverflowError
at PageLayer.RegisterSuccessPage.getCurrentUrl1(RegisterSuccessPage.java:25)
at PageLayer.RegisterSuccessPage.getCurrentUrl1(RegisterSuccessPage.java:25)
at PageLayer.RegisterSuccessPage.getCurrentUrl1(RegisterSuccessPage.java:25)
at PageLayer.RegisterSuccessPage.getCurrentUrl1(RegisterSuccessPage.java:25)
at PageLayer.RegisterSuccessPage.getCurrentUrl1(RegisterSuccessPage.java:25)
at PageLayer.RegisterSuccessPage.getCurrentUrl1(RegisterSuccessPage.java:25)
at PageLayer.RegisterSuccessPage.getCurrentUrl1(RegisterSuccessPage.java:25)
at PageLayer.RegisterSuccessPage.getCurrentUrl1(RegisterSuccessPage.java:25)
at PageLayer.RegisterSuccessPage.getCurrentUrl1(RegisterSuccessPage.java:25)
at PageLayer.RegisterSuccessPage.getCurrentUrl1(RegisterSuccessPage.java:25)
at PageLayer.RegisterSuccessPage.getCurrentUrl1(RegisterSuccessPage.java:25)
at PageLayer.RegisterSuccessPage.getCurrentUrl1(RegisterSuccessPage.java:25)
at PageLayer.RegisterSuccessPage.getCurrentUrl1(RegisterSuccessPage.java:25)
at PageLayer.RegisterSuccessPage.getCurrentUrl1(RegisterSuccessPage.java:25)
at PageLayer.RegisterSuccessPage.getCurrentUrl1(RegisterSuccessPage.java:25)
at PageLayer.RegisterSuccessPage.getCurrentUrl1(RegisterSuccessPage.java:25)
at PageLayer.RegisterSuccessPage.getCurrentUrl1(RegisterSuccessPage.java:25)
at PageLayer.RegisterSuccessPage.getCurrentUrl1(RegisterSuccessPage.java:25)
at PageLayer.RegisterSuccessPage.getCurrentUrl1(RegisterSuccessPage.java:25)
at PageLayer.RegisterSuccessPage.getCurrentUrl1(RegisterSuccessPage.java:25)
at PageLayer.RegisterSuccessPage.getCurrentUrl1(RegisterSuccessPage.java:25)
at PageLayer.RegisterSuccessPage.getCurrentUrl1(RegisterSuccessPage.java:25)
at PageLayer.RegisterSuccessPage.getCurrentUrl1(RegisterSuccessPage.java:25)
at PageLayer.RegisterSuccessPage.getCurrentUrl1(RegisterSuccessPage.java:25)
at PageLayer.RegisterSuccessPage.getCurrentUrl1(RegisterSuccessPage.java:25)
at PageLayer.RegisterSuccessPage.getCurrentUrl1(RegisterSuccessPage.java:25)
at PageLayer.RegisterSuccessPage.getCurrentUrl1(RegisterSuccessPage.java:25)
at PageLayer.RegisterSuccessPage.getCurrentUrl1(RegisterSuccessPage.java:25)
at PageLayer.RegisterSuccessPage.getCurrentUrl1(RegisterSuccessPage.java:25)
at PageLayer.RegisterSuccessPage.getCurrentUrl1(RegisterSuccessPage.java:25)
at PageLayer.RegisterSuccessPage.getCurrentUrl1(RegisterSuccessPage.java:25)
at PageLayer.RegisterSuccessPage.getCurrentUrl1(RegisterSuccessPage.java:25)
at PageLayer.RegisterSuccessPage.getCurrentUrl1(RegisterSuccessPage.java:25)
at PageLayer.RegisterSuccessPage.getCurrentUrl1(RegisterSuccessPage.java:25)
at PageLayer.RegisterSuccessPage.getCurrentUrl1(RegisterSuccessPage.java:25)
at PageLayer.RegisterSuccessPage.getCurrentUrl1(RegisterSuccessPage.java:25)
at PageLayer.RegisterSuccessPage.getCurrentUrl1(RegisterSuccessPage.java:25)
at PageLayer.RegisterSuccessPage.getCurrentUrl1(RegisterSuccessPage.java:25)
at PageLayer.RegisterSuccessPage.getCurrentUrl1(RegisterSuccessPage.java:25)
at PageLayer.RegisterSuccessPage.getCurrentUrl1(RegisterSuccessPage.java:25)
at PageLayer.RegisterSuccessPage.getCurrentUrl1(RegisterSuccessPage.java:25)
at PageLayer.RegisterSuccessPage.getCurrentUrl1(RegisterSuccessPage.java:25)
at PageLayer.RegisterSuccessPage.getCurrentUrl1(RegisterSuccessPage.java:25)
at PageLayer.RegisterSuccessPage.getCurrentUrl1(RegisterSuccessPage.java:25)
at PageLayer.RegisterSuccessPage.getCurrentUrl1(RegisterSuccessPage.java:25)
at PageLayer.RegisterSuccessPage.getCurrentUrl1(RegisterSuccessPage.java:25)
at PageLayer.RegisterSuccessPage.getCurrentUrl1(RegisterSuccessPage.java:25)
at PageLayer.RegisterSuccessPage.getCurrentUrl1(RegisterSuccessPage.java:25)
at PageLayer.RegisterSuccessPage.getCurrentUrl1(RegisterSuccessPage.java:25)
at PageLayer.RegisterSuccessPage.getCurrentUrl1(RegisterSuccessPage.java:25)
at PageLayer.RegisterSuccessPage.getCurrentUrl1(RegisterSuccessPage.java:25)
at PageLayer.RegisterSuccessPage.getCurrentUrl1(RegisterSuccessPage.java:25)
at PageLayer.RegisterSuccessPage.getCurrentUrl1(RegisterSuccessPage.java:25)
at PageLayer.RegisterSuccessPage.getCurrentUrl1(RegisterSuccessPage.java:25)
at PageLayer.RegisterSuccessPage.getCurrentUrl1(RegisterSuccessPage.java:25)
at PageLayer.RegisterSuccessPage.getCurrentUrl1(RegisterSuccessPage.java:25)
at PageLayer.RegisterSuccessPage.getCurrentUrl1(RegisterSuccessPage.java:25)
at PageLayer.RegisterSuccessPage.getCurrentUrl1(RegisterSuccessPage.java:25)
at PageLayer.RegisterSuccessPage.getCurrentUrl1(RegisterSuccessPage.java:25)
at PageLayer.RegisterSuccessPage.getCurrentUrl1(RegisterSuccessPage.java:25)
at PageLayer.RegisterSuccessPage.getCurrentUrl1(RegisterSuccessPage.java:25)
at PageLayer.RegisterSuccessPage.getCurrentUrl1(RegisterSuccessPage.java:25)
at PageLayer.RegisterSuccessPage.getCurrentUrl1(RegisterSuccessPage.java:25)
at PageLayer.RegisterSuccessPage.getCurrentUrl1(RegisterSuccessPage.java:25)
at PageLayer.RegisterSuccessPage.getCurrentUrl1(RegisterSuccessPage.java:25)
at PageLayer.RegisterSuccessPage.getCurrentUrl1(RegisterSuccessPage.java:25)
at PageLayer.RegisterSuccessPage.getCurrentUrl1(RegisterSuccessPage.java:25)
at PageLayer.RegisterSuccessPage.getCurrentUrl1(RegisterSuccessPage.java:25)
at PageLayer.RegisterSuccessPage.getCurrentUrl1(RegisterSuccessPage.java:25)
at PageLayer.RegisterSuccessPage.getCurrentUrl1(RegisterSuccessPage.java:25)
at PageLayer.RegisterSuccessPage.getCurrentUrl1(RegisterSuccessPage.java:25)
at PageLayer.RegisterSuccessPage.getCurrentUrl1(RegisterSuccessPage.java:25)
at PageLayer.RegisterSuccessPage.getCurrentUrl1(RegisterSuccessPage.java:25)
at PageLayer.RegisterSuccessPage.getCurrentUrl1(RegisterSuccessPage.java:25)
at PageLayer.RegisterSuccessPage.getCurrentUrl1(RegisterSuccessPage.java:25)
at PageLayer.RegisterSuccessPage.getCurrentUrl1(RegisterSuccessPage.java:25)
at PageLayer.RegisterSuccessPage.getCurrentUrl1(RegisterSuccessPage.java:25)
at PageLayer.RegisterSuccessPage.getCurrentUrl1(RegisterSuccessPage.java:25)
at PageLayer.RegisterSuccessPage.getCurrentUrl1(RegisterSuccessPage.java:25)
at PageLayer.RegisterSuccessPage.getCurrentUrl1(RegisterSuccessPage.java:25)
at PageLayer.RegisterSuccessPage.getCurrentUrl1(RegisterSuccessPage.java:25)
at PageLayer.RegisterSuccessPage.getCurrentUrl1(RegisterSuccessPage.java:25)
at PageLayer.RegisterSuccessPage.getCurrentUrl1(RegisterSuccessPage.java:25)
at PageLayer.RegisterSuccessPage.getCurrentUrl1(RegisterSuccessPage.java:25)
at PageLayer.RegisterSuccessPage.getCurrentUrl1(RegisterSuccessPage.java:25)
at PageLayer.RegisterSuccessPage.getCurrentUrl1(RegisterSuccessPage.java:25)
at PageLayer.RegisterSuccessPage.getCurrentUrl1(RegisterSuccessPage.java:25)
at PageLayer.RegisterSuccessPage.getCurrentUrl1(RegisterSuccessPage.java:25)
at PageLayer.RegisterSuccessPage.getCurrentUrl1(RegisterSuccessPage.java:25)
at PageLayer.RegisterSuccessPage.getCurrentUrl1(RegisterSuccessPage.java:25)
at PageLayer.RegisterSuccessPage.getCurrentUrl1(RegisterSuccessPage.java:25)
at PageLayer.RegisterSuccessPage.getCurrentUrl1(RegisterSuccessPage.java:25)
at PageLayer.RegisterSuccessPage.getCurrentUrl1(RegisterSuccessPage.java:25)
at PageLayer.RegisterSuccessPage.getCurrentUrl1(RegisterSuccessPage.java:25)
at PageLayer.RegisterSuccessPage.getCurrentUrl1(RegisterSuccessPage.java:25)
at PageLayer.RegisterSuccessPage.getCurrentUrl1(RegisterSuccessPage.java:25)
at PageLayer.RegisterSuccessPage.getCurrentUrl1(RegisterSuccessPage.java:25)
at PageLayer.RegisterSuccessPage.getCurrentUrl1(RegisterSuccessPage.java:25)
at PageLayer.RegisterSuccessPage.getCurrentUrl1(RegisterSuccessPage.java:25)
at PageLayer.RegisterSuccessPage.getCurrentUrl1(RegisterSuccessPage.java:25)
at PageLayer.RegisterSuccessPage.getCurrentUrl1(RegisterSuccessPage.java:25)
at PageLayer.RegisterSuccessPage.getCurrentUrl1(RegisterSuccessPage.java:25)
at PageLayer.RegisterSuccessPage.getCurrentUrl1(RegisterSuccessPage.java:25)
at PageLayer.RegisterSuccessPage.getCurrentUrl1(RegisterSuccessPage.java:25)
at PageLayer.RegisterSuccessPage.getCurrentUrl1(RegisterSuccessPage.java:25)
at PageLayer.RegisterSuccessPage.getCurrentUrl1(RegisterSuccessPage.java:25)
at PageLayer.RegisterSuccessPage.getCurrentUrl1(RegisterSuccessPage.java:25)
at PageLayer.RegisterSuccessPage.getCurrentUrl1(RegisterSuccessPage.java:25)
at PageLayer.RegisterSuccessPage.getCurrentUrl1(RegisterSuccessPage.java:25)
at PageLayer.RegisterSuccessPage.getCurrentUrl1(RegisterSuccessPage.java:25)
at PageLayer.RegisterSuccessPage.getCurrentUrl1(RegisterSuccessPage.java:25)
at PageLayer.RegisterSuccessPage.getCurrentUrl1(RegisterSuccessPage.java:25)
at PageLayer.RegisterSuccessPage.getCurrentUrl1(RegisterSuccessPage.java:25)
at PageLayer.RegisterSuccessPage.getCurrentUrl1(RegisterSuccessPage.java:25)
at PageLayer.RegisterSuccessPage.getCurrentUrl1(RegisterSuccessPage.java:25)
at PageLayer.RegisterSuccessPage.getCurrentUrl1(RegisterSuccessPage.java:25)
at PageLayer.RegisterSuccessPage.getCurrentUrl1(RegisterSuccessPage.java:25)
at PageLayer.RegisterSuccessPage.getCurrentUrl1(RegisterSuccessPage.java:25)
at PageLayer.RegisterSuccessPage.getCurrentUrl1(RegisterSuccessPage.java:25)
at PageLayer.RegisterSuccessPage.getCurrentUrl1(RegisterSuccessPage.java:25)
at PageLayer.RegisterSuccessPage.getCurrentUrl1(RegisterSuccessPage.java:25)
at PageLayer.RegisterSuccessPage.getCurrentUrl1(RegisterSuccessPage.java:25)
at PageLayer.RegisterSuccessPage.getCurrentUrl1(RegisterSuccessPage.java:25)
at PageLayer.RegisterSuccessPage.getCurrentUrl1(RegisterSuccessPage.java:25)
at PageLayer.RegisterSuccessPage.getCurrentUrl1(RegisterSuccessPage.java:25)
at PageLayer.RegisterSuccessPage.getCurrentUrl1(RegisterSuccessPage.java:25)
at PageLayer.RegisterSuccessPage.getCurrentUrl1(RegisterSuccessPage.java:25)
at PageLayer.RegisterSuccessPage.getCurrentUrl1(RegisterSuccessPage.java:25)
at PageLayer.RegisterSuccessPage.getCurrentUrl1(RegisterSuccessPage.java:25)
at PageLayer.RegisterSuccessPage.getCurrentUrl1(RegisterSuccessPage.java:25)
at PageLayer.RegisterSuccessPage.getCurrentUrl1(RegisterSuccessPage.java:25)
at PageLayer.RegisterSuccessPage.getCurrentUrl1(RegisterSuccessPage.java:25)
at PageLayer.RegisterSuccessPage.getCurrentUrl1(RegisterSuccessPage.java:25)
at PageLayer.RegisterSuccessPage.getCurrentUrl1(RegisterSuccessPage.java:25)
at PageLayer.RegisterSuccessPage.getCurrentUrl1(RegisterSuccessPage.java:25)
at PageLayer.RegisterSuccessPage.getCurrentUrl1(RegisterSuccessPage.java:25)
at PageLayer.RegisterSuccessPage.getCurrentUrl1(RegisterSuccessPage.java:25)
at PageLayer.RegisterSuccessPage.getCurrentUrl1(RegisterSuccessPage.java:25)
at PageLayer.RegisterSuccessPage.getCurrentUrl1(RegisterSuccessPage.java:25)
at PageLayer.RegisterSuccessPage.getCurrentUrl1(RegisterSuccessPage.java:25)
at PageLayer.RegisterSuccessPage.getCurrentUrl1(RegisterSuccessPage.java:25)
at PageLayer.RegisterSuccessPage.getCurrentUrl1(RegisterSuccessPage.java:25)
at PageLayer.RegisterSuccessPage.getCurrentUrl1(RegisterSuccessPage.java:25)
at PageLayer.RegisterSuccessPage.getCurrentUrl1(RegisterSuccessPage.java:25)
at PageLayer.RegisterSuccessPage.getCurrentUrl1(RegisterSuccessPage.java:25)
at PageLayer.RegisterSuccessPage.getCurrentUrl1(RegisterSuccessPage.java:25)
at PageLayer.RegisterSuccessPage.getCurrentUrl1(RegisterSuccessPage.java:25)
at PageLayer.RegisterSuccessPage.getCurrentUrl1(RegisterSuccessPage.java:25)
at PageLayer.RegisterSuccessPage.getCurrentUrl1(RegisterSuccessPage.java:25)
at PageLayer.RegisterSuccessPage.getCurrentUrl1(RegisterSuccessPage.java:25)
at PageLayer.RegisterSuccessPage.getCurrentUrl1(RegisterSuccessPage.java:25)
at PageLayer.RegisterSuccessPage.getCurrentUrl1(RegisterSuccessPage.java:25)
at PageLayer.RegisterSuccessPage.getCurrentUrl1(RegisterSuccessPage.java:25)
at PageLayer.RegisterSuccessPage.getCurrentUrl1(RegisterSuccessPage.java:25)
at PageLayer.RegisterSuccessPage.getCurrentUrl1(RegisterSuccessPage.java:25)
at PageLayer.RegisterSuccessPage.getCurrentUrl1(RegisterSuccessPage.java:25)
at PageLayer.RegisterSuccessPage.getCurrentUrl1(RegisterSuccessPage.java:25)
at PageLayer.RegisterSuccessPage.getCurrentUrl1(RegisterSuccessPage.java:25)
at PageLayer.RegisterSuccessPage.getCurrentUrl1(RegisterSuccessPage.java:25)
at PageLayer.RegisterSuccessPage.getCurrentUrl1(RegisterSuccessPage.java:25)
at PageLayer.RegisterSuccessPage.getCurrentUrl1(RegisterSuccessPage.java:25)
at PageLayer.RegisterSuccessPage.getCurrentUrl1(RegisterSuccessPage.java:25)
at PageLayer.RegisterSuccessPage.getCurrentUrl1(RegisterSuccessPage.java:25)
at PageLayer.RegisterSuccessPage.getCurrentUrl1(RegisterSuccessPage.java:25)
at PageLayer.RegisterSuccessPage.getCurrentUrl1(RegisterSuccessPage.java:25)
at PageLayer.RegisterSuccessPage.getCurrentUrl1(RegisterSuccessPage.java:25)
at PageLayer.RegisterSuccessPage.getCurrentUrl1(RegisterSuccessPage.java:25)
at PageLayer.RegisterSuccessPage.getCurrentUrl1(RegisterSuccessPage.java:25)
at PageLayer.RegisterSuccessPage.getCurrentUrl1(RegisterSuccessPage.java:25)
at PageLayer.RegisterSuccessPage.getCurrentUrl1(RegisterSuccessPage.java:25)
at PageLayer.RegisterSuccessPage.getCurrentUrl1(RegisterSuccessPage.java:25)
at PageLayer.RegisterSuccessPage.getCurrentUrl1(RegisterSuccessPage.java:25)
at PageLayer.RegisterSuccessPage.getCurrentUrl1(RegisterSuccessPage.java:25)
at PageLayer.RegisterSuccessPage.getCurrentUrl1(RegisterSuccessPage.java:25)
at PageLayer.RegisterSuccessPage.getCurrentUrl1(RegisterSuccessPage.java:25)
at PageLayer.RegisterSuccessPage.getCurrentUrl1(RegisterSuccessPage.java:25)
at PageLayer.RegisterSuccessPage.getCurrentUrl1(RegisterSuccessPage.java:25)
at PageLayer.RegisterSuccessPage.getCurrentUrl1(RegisterSuccessPage.java:25)
at PageLayer.RegisterSuccessPage.getCurrentUrl1(RegisterSuccessPage.java:25)
at PageLayer.RegisterSuccessPage.getCurrentUrl1(RegisterSuccessPage.java:25)
at PageLayer.RegisterSuccessPage.getCurrentUrl1(RegisterSuccessPage.java:25)
at PageLayer.RegisterSuccessPage.getCurrentUrl1(RegisterSuccessPage.java:25)
at PageLayer.RegisterSuccessPage.getCurrentUrl1(RegisterSuccessPage.java:25)
at PageLayer.RegisterSuccessPage.getCurrentUrl1(RegisterSuccessPage.java:25)
at PageLayer.RegisterSuccessPage.getCurrentUrl1(RegisterSuccessPage.java:25)
at PageLayer.RegisterSuccessPage.getCurrentUrl1(RegisterSuccessPage.java:25)
at PageLayer.RegisterSuccessPage.getCurrentUrl1(RegisterSuccessPage.java:25)
at PageLayer.RegisterSuccessPage.getCurrentUrl1(RegisterSuccessPage.java:25)
at PageLayer.RegisterSuccessPage.getCurrentUrl1(RegisterSuccessPage.java:25)
at PageLayer.RegisterSuccessPage.getCurrentUrl1(RegisterSuccessPage.java:25)
at PageLayer.RegisterSuccessPage.getCurrentUrl1(RegisterSuccessPage.java:25)
at PageLayer.RegisterSuccessPage.getCurrentUrl1(RegisterSuccessPage.java:25)
at PageLayer.RegisterSuccessPage.getCurrentUrl1(RegisterSuccessPage.java:25)
at PageLayer.RegisterSuccessPage.getCurrentUrl1(RegisterSuccessPage.java:25)
at PageLayer.RegisterSuccessPage.getCurrentUrl1(RegisterSuccessPage.java:25)
at PageLayer.RegisterSuccessPage.getCurrentUrl1(RegisterSuccessPage.java:25)
at PageLayer.RegisterSuccessPage.getCurrentUrl1(RegisterSuccessPage.java:25)
at PageLayer.RegisterSuccessPage.getCurrentUrl1(RegisterSuccessPage.java:25)
at PageLayer.RegisterSuccessPage.getCurrentUrl1(RegisterSuccessPage.java:25)
at PageLayer.RegisterSuccessPage.getCurrentUrl1(RegisterSuccessPage.java:25)
at PageLayer.RegisterSuccessPage.getCurrentUrl1(RegisterSuccessPage.java:25)
at PageLayer.RegisterSuccessPage.getCurrentUrl1(RegisterSuccessPage.java:25)
at PageLayer.RegisterSuccessPage.getCurrentUrl1(RegisterSuccessPage.java:25)
at PageLayer.RegisterSuccessPage.getCurrentUrl1(RegisterSuccessPage.java:25)
at PageLayer.RegisterSuccessPage.getCurrentUrl1(RegisterSuccessPage.java:25)
at PageLayer.RegisterSuccessPage.getCurrentUrl1(RegisterSuccessPage.java:25)
at PageLayer.RegisterSuccessPage.getCurrentUrl1(RegisterSuccessPage.java:25)
at PageLayer.RegisterSuccessPage.getCurrentUrl1(RegisterSuccessPage.java:25)
at PageLayer.RegisterSuccessPage.getCurrentUrl1(RegisterSuccessPage.java:25)
at PageLayer.RegisterSuccessPage.getCurrentUrl1(RegisterSuccessPage.java:25)
at PageLayer.RegisterSuccessPage.getCurrentUrl1(RegisterSuccessPage.java:25)
at PageLayer.RegisterSuccessPage.getCurrentUrl1(RegisterSuccessPage.java:25)
at PageLayer.RegisterSuccessPage.getCurrentUrl1(RegisterSuccessPage.java:25)
at PageLayer.RegisterSuccessPage.getCurrentUrl1(RegisterSuccessPage.java:25)
at PageLayer.RegisterSuccessPage.getCurrentUrl1(RegisterSuccessPage.java:25)
at PageLayer.RegisterSuccessPage.getCurrentUrl1(RegisterSuccessPage.java:25)
at PageLayer.RegisterSuccessPage.getCurrentUrl1(RegisterSuccessPage.java:25)
at PageLayer.RegisterSuccessPage.getCurrentUrl1(RegisterSuccessPage.java:25)
at PageLayer.RegisterSuccessPage.getCurrentUrl1(RegisterSuccessPage.java:25)
at PageLayer.RegisterSuccessPage.getCurrentUrl1(RegisterSuccessPage.java:25)
at PageLayer.RegisterSuccessPage.getCurrentUrl1(RegisterSuccessPage.java:25)
at PageLayer.RegisterSuccessPage.getCurrentUrl1(RegisterSuccessPage.java:25)
at PageLayer.RegisterSuccessPage.getCurrentUrl1(RegisterSuccessPage.java:25)
at PageLayer.RegisterSuccessPage.getCurrentUrl1(RegisterSuccessPage.java:25)
at PageLayer.RegisterSuccessPage.getCurrentUrl1(RegisterSuccessPage.java:25)
at PageLayer.RegisterSuccessPage.getCurrentUrl1(RegisterSuccessPage.java:25)
at PageLayer.RegisterSuccessPage.getCurrentUrl1(RegisterSuccessPage.java:25)
at PageLayer.RegisterSuccessPage.getCurrentUrl1(RegisterSuccessPage.java:25)
at PageLayer.RegisterSuccessPage.getCurrentUrl1(RegisterSuccessPage.java:25)
at PageLayer.RegisterSuccessPage.getCurrentUrl1(RegisterSuccessPage.java:25)
at PageLayer.RegisterSuccessPage.getCurrentUrl1(RegisterSuccessPage.java:25)
at PageLayer.RegisterSuccessPage.getCurrentUrl1(RegisterSuccessPage.java:25)
at PageLayer.RegisterSuccessPage.getCurrentUrl1(RegisterSuccessPage.java:25)
at PageLayer.RegisterSuccessPage.getCurrentUrl1(RegisterSuccessPage.java:25)
at PageLayer.RegisterSuccessPage.getCurrentUrl1(RegisterSuccessPage.java:25)
at PageLayer.RegisterSuccessPage.getCurrentUrl1(RegisterSuccessPage.java:25)
at PageLayer.RegisterSuccessPage.getCurrentUrl1(RegisterSuccessPage.java:25)
at PageLayer.RegisterSuccessPage.getCurrentUrl1(RegisterSuccessPage.java:25)
at PageLayer.RegisterSuccessPage.getCurrentUrl1(RegisterSuccessPage.java:25)
at PageLayer.RegisterSuccessPage.getCurrentUrl1(RegisterSuccessPage.java:25)
at PageLayer.RegisterSuccessPage.getCurrentUrl1(RegisterSuccessPage.java:25)
at PageLayer.RegisterSuccessPage.getCurrentUrl1(RegisterSuccessPage.java:25)
at PageLayer.RegisterSuccessPage.getCurrentUrl1(RegisterSuccessPage.java:25)
at PageLayer.RegisterSuccessPage.getCurrentUrl1(RegisterSuccessPage.java:25)
at PageLayer.RegisterSuccessPage.getCurrentUrl1(RegisterSuccessPage.java:25)
at PageLayer.RegisterSuccessPage.getCurrentUrl1(RegisterSuccessPage.java:25)
at PageLayer.RegisterSuccessPage.getCurrentUrl1(RegisterSuccessPage.java:25)
at PageLayer.RegisterSuccessPage.getCurrentUrl1(RegisterSuccessPage.java:25)
at PageLayer.RegisterSuccessPage.getCurrentUrl1(RegisterSuccessPage.java:25)
at PageLayer.RegisterSuccessPage.getCurrentUrl1(RegisterSuccessPage.java:25)
at PageLayer.RegisterSuccessPage.getCurrentUrl1(RegisterSuccessPage.java:25)
at PageLayer.RegisterSuccessPage.getCurrentUrl1(RegisterSuccessPage.java:25)
at PageLayer.RegisterSuccessPage.getCurrentUrl1(RegisterSuccessPage.java:25)
at PageLayer.RegisterSuccessPage.getCurrentUrl1(RegisterSuccessPage.java:25)
at PageLayer.RegisterSuccessPage.getCurrentUrl1(RegisterSuccessPage.java:25)
at PageLayer.RegisterSuccessPage.getCurrentUrl1(RegisterSuccessPage.java:25)
at PageLayer.RegisterSuccessPage.getCurrentUrl1(RegisterSuccessPage.java:25)
at PageLayer.RegisterSuccessPage.getCurrentUrl1(RegisterSuccessPage.java:25)
at PageLayer.RegisterSuccessPage.getCurrentUrl1(RegisterSuccessPage.java:25)
at PageLayer.RegisterSuccessPage.getCurrentUrl1(RegisterSuccessPage.java:25)
at PageLayer.RegisterSuccessPage.getCurrentUrl1(RegisterSuccessPage.java:25)
at PageLayer.RegisterSuccessPage.getCurrentUrl1(RegisterSuccessPage.java:25)
at PageLayer.RegisterSuccessPage.getCurrentUrl1(RegisterSuccessPage.java:25)
at PageLayer.RegisterSuccessPage.getCurrentUrl1(RegisterSuccessPage.java:25)
at PageLayer.RegisterSuccessPage.getCurrentUrl1(RegisterSuccessPage.java:25)
at PageLayer.RegisterSuccessPage.getCurrentUrl1(RegisterSuccessPage.java:25)
at PageLayer.RegisterSuccessPage.getCurrentUrl1(RegisterSuccessPage.java:25)
at PageLayer.RegisterSuccessPage.getCurrentUrl1(RegisterSuccessPage.java:25)
at PageLayer.RegisterSuccessPage.getCurrentUrl1(RegisterSuccessPage.java:25)
at PageLayer.RegisterSuccessPage.getCurrentUrl1(RegisterSuccessPage.java:25)
at PageLayer.RegisterSuccessPage.getCurrentUrl1(RegisterSuccessPage.java:25)
at PageLayer.RegisterSuccessPage.getCurrentUrl1(RegisterSuccessPage.java:25)
at PageLayer.RegisterSuccessPage.getCurrentUrl1(RegisterSuccessPage.java:25)
at PageLayer.RegisterSuccessPage.getCurrentUrl1(RegisterSuccessPage.java:25)
at PageLayer.RegisterSuccessPage.getCurrentUrl1(RegisterSuccessPage.java:25)
at PageLayer.RegisterSuccessPage.getCurrentUrl1(RegisterSuccessPage.java:25)
at PageLayer.RegisterSuccessPage.getCurrentUrl1(RegisterSuccessPage.java:25)
at PageLayer.RegisterSuccessPage.getCurrentUrl1(RegisterSuccessPage.java:25)
at PageLayer.RegisterSuccessPage.getCurrentUrl1(RegisterSuccessPage.java:25)
at PageLayer.RegisterSuccessPage.getCurrentUrl1(RegisterSuccessPage.java:25)
at PageLayer.RegisterSuccessPage.getCurrentUrl1(RegisterSuccessPage.java:25)
at PageLayer.RegisterSuccessPage.getCurrentUrl1(RegisterSuccessPage.java:25)
at PageLayer.RegisterSuccessPage.getCurrentUrl1(RegisterSuccessPage.java:25)
at PageLayer.RegisterSuccessPage.getCurrentUrl1(RegisterSuccessPage.java:25)
at PageLayer.RegisterSuccessPage.getCurrentUrl1(RegisterSuccessPage.java:25)
at PageLayer.RegisterSuccessPage.getCurrentUrl1(RegisterSuccessPage.java:25)
at PageLayer.RegisterSuccessPage.getCurrentUrl1(RegisterSuccessPage.java:25)
at PageLayer.RegisterSuccessPage.getCurrentUrl1(RegisterSuccessPage.java:25)
at PageLayer.RegisterSuccessPage.getCurrentUrl1(RegisterSuccessPage.java:25)
at PageLayer.RegisterSuccessPage.getCurrentUrl1(RegisterSuccessPage.java:25)
at PageLayer.RegisterSuccessPage.getCurrentUrl1(RegisterSuccessPage.java:25)
at PageLayer.RegisterSuccessPage.getCurrentUrl1(RegisterSuccessPage.java:25)
at PageLayer.RegisterSuccessPage.getCurrentUrl1(RegisterSuccessPage.java:25)
at PageLayer.RegisterSuccessPage.getCurrentUrl1(RegisterSuccessPage.java:25)
at PageLayer.RegisterSuccessPage.getCurrentUrl1(RegisterSuccessPage.java:25)
at PageLayer.RegisterSuccessPage.getCurrentUrl1(RegisterSuccessPage.java:25)
at PageLayer.RegisterSuccessPage.getCurrentUrl1(RegisterSuccessPage.java:25)
at PageLayer.RegisterSuccessPage.getCurrentUrl1(RegisterSuccessPage.java:25)
at PageLayer.RegisterSuccessPage.getCurrentUrl1(RegisterSuccessPage.java:25)
at PageLayer.RegisterSuccessPage.getCurrentUrl1(RegisterSuccessPage.java:25)
at PageLayer.RegisterSuccessPage.getCurrentUrl1(RegisterSuccessPage.java:25)
at PageLayer.RegisterSuccessPage.getCurrentUrl1(RegisterSuccessPage.java:25)
at PageLayer.RegisterSuccessPage.getCurrentUrl1(RegisterSuccessPage.java:25)
at PageLayer.RegisterSuccessPage.getCurrentUrl1(RegisterSuccessPage.java:25)
at PageLayer.RegisterSuccessPage.getCurrentUrl1(RegisterSuccessPage.java:25)
at PageLayer.RegisterSuccessPage.getCurrentUrl1(RegisterSuccessPage.java:25)
at PageLayer.RegisterSuccessPage.getCurrentUrl1(RegisterSuccessPage.java:25)
at PageLayer.RegisterSuccessPage.getCurrentUrl1(RegisterSuccessPage.java:25)
at PageLayer.RegisterSuccessPage.getCurrentUrl1(RegisterSuccessPage.java:25)
at PageLayer.RegisterSuccessPage.getCurrentUrl1(RegisterSuccessPage.java:25)
at PageLayer.RegisterSuccessPage.getCurrentUrl1(RegisterSuccessPage.java:25)
at PageLayer.RegisterSuccessPage.getCurrentUrl1(RegisterSuccessPage.java:25)
at PageLayer.RegisterSuccessPage.getCurrentUrl1(RegisterSuccessPage.java:25)
at PageLayer.RegisterSuccessPage.getCurrentUrl1(RegisterSuccessPage.java:25)
at PageLayer.RegisterSuccessPage.getCurrentUrl1(RegisterSuccessPage.java:25)
at PageLayer.RegisterSuccessPage.getCurrentUrl1(RegisterSuccessPage.java:25)
at PageLayer.RegisterSuccessPage.getCurrentUrl1(RegisterSuccessPage.java:25)
at PageLayer.RegisterSuccessPage.getCurrentUrl1(RegisterSuccessPage.java:25)
at PageLayer.RegisterSuccessPage.getCurrentUrl1(RegisterSuccessPage.java:25)
at PageLayer.RegisterSuccessPage.getCurrentUrl1(RegisterSuccessPage.java:25)
at PageLayer.RegisterSuccessPage.getCurrentUrl1(RegisterSuccessPage.java:25)
at PageLayer.RegisterSuccessPage.getCurrentUrl1(RegisterSuccessPage.java:25)
at PageLayer.RegisterSuccessPage.getCurrentUrl1(RegisterSuccessPage.java:25)
at PageLayer.RegisterSuccessPage.getCurrentUrl1(RegisterSuccessPage.java:25)
at PageLayer.RegisterSuccessPage.getCurrentUrl1(RegisterSuccessPage.java:25)
at PageLayer.RegisterSuccessPage.getCurrentUrl1(RegisterSuccessPage.java:25)
at PageLayer.RegisterSuccessPage.getCurrentUrl1(RegisterSuccessPage.java:25)
at PageLayer.RegisterSuccessPage.getCurrentUrl1(RegisterSuccessPage.java:25)
at PageLayer.RegisterSuccessPage.getCurrentUrl1(RegisterSuccessPage.java:25)
at PageLayer.RegisterSuccessPage.getCurrentUrl1(RegisterSuccessPage.java:25)
at PageLayer.RegisterSuccessPage.getCurrentUrl1(RegisterSuccessPage.java:25)
at PageLayer.RegisterSuccessPage.getCurrentUrl1(RegisterSuccessPage.java:25)
at PageLayer.RegisterSuccessPage.getCurrentUrl1(RegisterSuccessPage.java:25)
at PageLayer.RegisterSuccessPage.getCurrentUrl1(RegisterSuccessPage.java:25)
at PageLayer.RegisterSuccessPage.getCurrentUrl1(RegisterSuccessPage.java:25)
at PageLayer.RegisterSuccessPage.getCurrentUrl1(RegisterSuccessPage.java:25)
at PageLayer.RegisterSuccessPage.getCurrentUrl1(RegisterSuccessPage.java:25)
at PageLayer.RegisterSuccessPage.getCurrentUrl1(RegisterSuccessPage.java:25)
at PageLayer.RegisterSuccessPage.getCurrentUrl1(RegisterSuccessPage.java:25)
at PageLayer.RegisterSuccessPage.getCurrentUrl1(RegisterSuccessPage.java:25)
at PageLayer.RegisterSuccessPage.getCurrentUrl1(RegisterSuccessPage.java:25)
at PageLayer.RegisterSuccessPage.getCurrentUrl1(RegisterSuccessPage.java:25)
at PageLayer.RegisterSuccessPage.getCurrentUrl1(RegisterSuccessPage.java:25)
at PageLayer.RegisterSuccessPage.getCurrentUrl1(RegisterSuccessPage.java:25)
at PageLayer.RegisterSuccessPage.getCurrentUrl1(RegisterSuccessPage.java:25)
at PageLayer.RegisterSuccessPage.getCurrentUrl1(RegisterSuccessPage.java:25)
at PageLayer.RegisterSuccessPage.getCurrentUrl1(RegisterSuccessPage.java:25)
at PageLayer.RegisterSuccessPage.getCurrentUrl1(RegisterSuccessPage.java:25)
at PageLayer.RegisterSuccessPage.getCurrentUrl1(RegisterSuccessPage.java:25)
at PageLayer.RegisterSuccessPage.getCurrentUrl1(RegisterSuccessPage.java:25)
at PageLayer.RegisterSuccessPage.getCurrentUrl1(RegisterSuccessPage.java:25)
at PageLayer.RegisterSuccessPage.getCurrentUrl1(RegisterSuccessPage.java:25)
at PageLayer.RegisterSuccessPage.getCurrentUrl1(RegisterSuccessPage.java:25)
at PageLayer.RegisterSuccessPage.getCurrentUrl1(RegisterSuccessPage.java:25)
at PageLayer.RegisterSuccessPage.getCurrentUrl1(RegisterSuccessPage.java:25)
at PageLayer.RegisterSuccessPage.getCurrentUrl1(RegisterSuccessPage.java:25)
at PageLayer.RegisterSuccessPage.getCurrentUrl1(RegisterSuccessPage.java:25)
at PageLayer.RegisterSuccessPage.getCurrentUrl1(RegisterSuccessPage.java:25)
at PageLayer.RegisterSuccessPage.getCurrentUrl1(RegisterSuccessPage.java:25)
at PageLayer.RegisterSuccessPage.getCurrentUrl1(RegisterSuccessPage.java:25)
at PageLayer.RegisterSuccessPage.getCurrentUrl1(RegisterSuccessPage.java:25)
at PageLayer.RegisterSuccessPage.getCurrentUrl1(RegisterSuccessPage.java:25)
at PageLayer.RegisterSuccessPage.getCurrentUrl1(RegisterSuccessPage.java:25)
at PageLayer.RegisterSuccessPage.getCurrentUrl1(RegisterSuccessPage.java:25)
at PageLayer.RegisterSuccessPage.getCurrentUrl1(RegisterSuccessPage.java:25)
at PageLayer.RegisterSuccessPage.getCurrentUrl1(RegisterSuccessPage.java:25)
at PageLayer.RegisterSuccessPage.getCurrentUrl1(RegisterSuccessPage.java:25)
at PageLayer.RegisterSuccessPage.getCurrentUrl1(RegisterSuccessPage.java:25)
at PageLayer.RegisterSuccessPage.getCurrentUrl1(RegisterSuccessPage.java:25)
at PageLayer.RegisterSuccessPage.getCurrentUrl1(RegisterSuccessPage.java:25)
at PageLayer.RegisterSuccessPage.getCurrentUrl1(RegisterSuccessPage.java:25)
at PageLayer.RegisterSuccessPage.getCurrentUrl1(RegisterSuccessPage.java:25)
at PageLayer.RegisterSuccessPage.getCurrentUrl1(RegisterSuccessPage.java:25)
at PageLayer.RegisterSuccessPage.getCurrentUrl1(RegisterSuccessPage.java:25)
at PageLayer.RegisterSuccessPage.getCurrentUrl1(RegisterSuccessPage.java:25)
at PageLayer.RegisterSuccessPage.getCurrentUrl1(RegisterSuccessPage.java:25)
at PageLayer.RegisterSuccessPage.getCurrentUrl1(RegisterSuccessPage.java:25)
at PageLayer.RegisterSuccessPage.getCurrentUrl1(RegisterSuccessPage.java:25)
at PageLayer.RegisterSuccessPage.getCurrentUrl1(RegisterSuccessPage.java:25)
at PageLayer.RegisterSuccessPage.getCurrentUrl1(RegisterSuccessPage.java:25)
at PageLayer.RegisterSuccessPage.getCurrentUrl1(RegisterSuccessPage.java:25)
at PageLayer.RegisterSuccessPage.getCurrentUrl1(RegisterSuccessPage.java:25)
at PageLayer.RegisterSuccessPage.getCurrentUrl1(RegisterSuccessPage.java:25)
at PageLayer.RegisterSuccessPage.getCurrentUrl1(RegisterSuccessPage.java:25)
at PageLayer.RegisterSuccessPage.getCurrentUrl1(RegisterSuccessPage.java:25)
at PageLayer.RegisterSuccessPage.getCurrentUrl1(RegisterSuccessPage.java:25)
at PageLayer.RegisterSuccessPage.getCurrentUrl1(RegisterSuccessPage.java:25)
at PageLayer.RegisterSuccessPage.getCurrentUrl1(RegisterSuccessPage.java:25)
at PageLayer.RegisterSuccessPage.getCurrentUrl1(RegisterSuccessPage.java:25)
at PageLayer.RegisterSuccessPage.getCurrentUrl1(RegisterSuccessPage.java:25)
at PageLayer.RegisterSuccessPage.getCurrentUrl1(RegisterSuccessPage.java:25)
at PageLayer.RegisterSuccessPage.getCurrentUrl1(RegisterSuccessPage.java:25)
at PageLayer.RegisterSuccessPage.getCurrentUrl1(RegisterSuccessPage.java:25)
at PageLayer.RegisterSuccessPage.getCurrentUrl1(RegisterSuccessPage.java:25)
at PageLayer.RegisterSuccessPage.getCurrentUrl1(RegisterSuccessPage.java:25)
at PageLayer.RegisterSuccessPage.getCurrentUrl1(RegisterSuccessPage.java:25)
at PageLayer.RegisterSuccessPage.getCurrentUrl1(RegisterSuccessPage.java:25)
at PageLayer.RegisterSuccessPage.getCurrentUrl1(RegisterSuccessPage.java:25)
at PageLayer.RegisterSuccessPage.getCurrentUrl1(RegisterSuccessPage.java:25)
at PageLayer.RegisterSuccessPage.getCurrentUrl1(RegisterSuccessPage.java:25)
at PageLayer.RegisterSuccessPage.getCurrentUrl1(RegisterSuccessPage.java:25)
at PageLayer.RegisterSuccessPage.getCurrentUrl1(RegisterSuccessPage.java:25)
at PageLayer.RegisterSuccessPage.getCurrentUrl1(RegisterSuccessPage.java:25)
at PageLayer.RegisterSuccessPage.getCurrentUrl1(RegisterSuccessPage.java:25)
at PageLayer.RegisterSuccessPage.getCurrentUrl1(RegisterSuccessPage.java:25)
at PageLayer.RegisterSuccessPage.getCurrentUrl1(RegisterSuccessPage.java:25)
at PageLayer.RegisterSuccessPage.getCurrentUrl1(RegisterSuccessPage.java:25)
at PageLayer.RegisterSuccessPage.getCurrentUrl1(RegisterSuccessPage.java:25)
at PageLayer.RegisterSuccessPage.getCurrentUrl1(RegisterSuccessPage.java:25)
at PageLayer.RegisterSuccessPage.getCurrentUrl1(RegisterSuccessPage.java:25)
at PageLayer.RegisterSuccessPage.getCurrentUrl1(RegisterSuccessPage.java:25)
at PageLayer.RegisterSuccessPage.getCurrentUrl1(RegisterSuccessPage.java:25)
at PageLayer.RegisterSuccessPage.getCurrentUrl1(RegisterSuccessPage.java:25)
at PageLayer.RegisterSuccessPage.getCurrentUrl1(RegisterSuccessPage.java:25)
at PageLayer.RegisterSuccessPage.getCurrentUrl1(RegisterSuccessPage.java:25)
at PageLayer.RegisterSuccessPage.getCurrentUrl1(RegisterSuccessPage.java:25)
at PageLayer.RegisterSuccessPage.getCurrentUrl1(RegisterSuccessPage.java:25)
at PageLayer.RegisterSuccessPage.getCurrentUrl1(RegisterSuccessPage.java:25)
at PageLayer.RegisterSuccessPage.getCurrentUrl1(RegisterSuccessPage.java:25)
at PageLayer.RegisterSuccessPage.getCurrentUrl1(RegisterSuccessPage.java:25)
at PageLayer.RegisterSuccessPage.getCurrentUrl1(RegisterSuccessPage.java:25)
at PageLayer.RegisterSuccessPage.getCurrentUrl1(RegisterSuccessPage.java:25)
at PageLayer.RegisterSuccessPage.getCurrentUrl1(RegisterSuccessPage.java:25)
at PageLayer.RegisterSuccessPage.getCurrentUrl1(RegisterSuccessPage.java:25)
at PageLayer.RegisterSuccessPage.getCurrentUrl1(RegisterSuccessPage.java:25)
at PageLayer.RegisterSuccessPage.getCurrentUrl1(RegisterSuccessPage.java:25)
at PageLayer.RegisterSuccessPage.getCurrentUrl1(RegisterSuccessPage.java:25)
at PageLayer.RegisterSuccessPage.getCurrentUrl1(RegisterSuccessPage.java:25)
at PageLayer.RegisterSuccessPage.getCurrentUrl1(RegisterSuccessPage.java:25)
at PageLayer.RegisterSuccessPage.getCurrentUrl1(RegisterSuccessPage.java:25)
at PageLayer.RegisterSuccessPage.getCurrentUrl1(RegisterSuccessPage.java:25)
at PageLayer.RegisterSuccessPage.getCurrentUrl1(RegisterSuccessPage.java:25)
at PageLayer.RegisterSuccessPage.getCurrentUrl1(RegisterSuccessPage.java:25)
at PageLayer.RegisterSuccessPage.getCurrentUrl1(RegisterSuccessPage.java:25)
at PageLayer.RegisterSuccessPage.getCurrentUrl1(RegisterSuccessPage.java:25)
at PageLayer.RegisterSuccessPage.getCurrentUrl1(RegisterSuccessPage.java:25)
at PageLayer.RegisterSuccessPage.getCurrentUrl1(RegisterSuccessPage.java:25)
at PageLayer.RegisterSuccessPage.getCurrentUrl1(RegisterSuccessPage.java:25)
at PageLayer.RegisterSuccessPage.getCurrentUrl1(RegisterSuccessPage.java:25)
at PageLayer.RegisterSuccessPage.getCurrentUrl1(RegisterSuccessPage.java:25)
at PageLayer.RegisterSuccessPage.getCurrentUrl1(RegisterSuccessPage.java:25)
at PageLayer.RegisterSuccessPage.getCurrentUrl1(RegisterSuccessPage.java:25)
at PageLayer.RegisterSuccessPage.getCurrentUrl1(RegisterSuccessPage.java:25)
at PageLayer.RegisterSuccessPage.getCurrentUrl1(RegisterSuccessPage.java:25)
at PageLayer.RegisterSuccessPage.getCurrentUrl1(RegisterSuccessPage.java:25)
at PageLayer.RegisterSuccessPage.getCurrentUrl1(RegisterSuccessPage.java:25)
at PageLayer.RegisterSuccessPage.getCurrentUrl1(RegisterSuccessPage.java:25)
at PageLayer.RegisterSuccessPage.getCurrentUrl1(RegisterSuccessPage.java:25)
at PageLayer.RegisterSuccessPage.getCurrentUrl1(RegisterSuccessPage.java:25)
at PageLayer.RegisterSuccessPage.getCurrentUrl1(RegisterSuccessPage.java:25)
at PageLayer.RegisterSuccessPage.getCurrentUrl1(RegisterSuccessPage.java:25)
at PageLayer.RegisterSuccessPage.getCurrentUrl1(RegisterSuccessPage.java:25)
at PageLayer.RegisterSuccessPage.getCurrentUrl1(RegisterSuccessPage.java:25)
at PageLayer.RegisterSuccessPage.getCurrentUrl1(RegisterSuccessPage.java:25)
at PageLayer.RegisterSuccessPage.getCurrentUrl1(RegisterSuccessPage.java:25)
at PageLayer.RegisterSuccessPage.getCurrentUrl1(RegisterSuccessPage.java:25)
at PageLayer.RegisterSuccessPage.getCurrentUrl1(RegisterSuccessPage.java:25)
at PageLayer.RegisterSuccessPage.getCurrentUrl1(RegisterSuccessPage.java:25)
at PageLayer.RegisterSuccessPage.getCurrentUrl1(RegisterSuccessPage.java:25)
at PageLayer.RegisterSuccessPage.getCurrentUrl1(RegisterSuccessPage.java:25)
at PageLayer.RegisterSuccessPage.getCurrentUrl1(RegisterSuccessPage.java:25)
at PageLayer.RegisterSuccessPage.getCurrentUrl1(RegisterSuccessPage.java:25)
at PageLayer.RegisterSuccessPage.getCurrentUrl1(RegisterSuccessPage.java:25)
at PageLayer.RegisterSuccessPage.getCurrentUrl1(RegisterSuccessPage.java:25)
at PageLayer.RegisterSuccessPage.getCurrentUrl1(RegisterSuccessPage.java:25)
at PageLayer.RegisterSuccessPage.getCurrentUrl1(RegisterSuccessPage.java:25)
at PageLayer.RegisterSuccessPage.getCurrentUrl1(RegisterSuccessPage.java:25)
at PageLayer.RegisterSuccessPage.getCurrentUrl1(RegisterSuccessPage.java:25)
at PageLayer.RegisterSuccessPage.getCurrentUrl1(RegisterSuccessPage.java:25)
at PageLayer.RegisterSuccessPage.getCurrentUrl1(RegisterSuccessPage.java:25)
at PageLayer.RegisterSuccessPage.getCurrentUrl1(RegisterSuccessPage.java:25)
at PageLayer.RegisterSuccessPage.getCurrentUrl1(RegisterSuccessPage.java:25)
at PageLayer.RegisterSuccessPage.getCurrentUrl1(RegisterSuccessPage.java:25)
at PageLayer.RegisterSuccessPage.getCurrentUrl1(RegisterSuccessPage.java:25)
at PageLayer.RegisterSuccessPage.getCurrentUrl1(RegisterSuccessPage.java:25)
at PageLayer.RegisterSuccessPage.getCurrentUrl1(RegisterSuccessPage.java:25)
at PageLayer.RegisterSuccessPage.getCurrentUrl1(RegisterSuccessPage.java:25)
at PageLayer.RegisterSuccessPage.getCurrentUrl1(RegisterSuccessPage.java:25)
at PageLayer.RegisterSuccessPage.getCurrentUrl1(RegisterSuccessPage.java:25)
at PageLayer.RegisterSuccessPage.getCurrentUrl1(RegisterSuccessPage.java:25)
at PageLayer.RegisterSuccessPage.getCurrentUrl1(RegisterSuccessPage.java:25)
at PageLayer.RegisterSuccessPage.getCurrentUrl1(RegisterSuccessPage.java:25)
at PageLayer.RegisterSuccessPage.getCurrentUrl1(RegisterSuccessPage.java:25)
at PageLayer.RegisterSuccessPage.getCurrentUrl1(RegisterSuccessPage.java:25)
at PageLayer.RegisterSuccessPage.getCurrentUrl1(RegisterSuccessPage.java:25)
at PageLayer.RegisterSuccessPage.getCurrentUrl1(RegisterSuccessPage.java:25)
at PageLayer.RegisterSuccessPage.getCurrentUrl1(RegisterSuccessPage.java:25)
at PageLayer.RegisterSuccessPage.getCurrentUrl1(RegisterSuccessPage.java:25)
at PageLayer.RegisterSuccessPage.getCurrentUrl1(RegisterSuccessPage.java:25)
at PageLayer.RegisterSuccessPage.getCurrentUrl1(RegisterSuccessPage.java:25)
at PageLayer.RegisterSuccessPage.getCurrentUrl1(RegisterSuccessPage.java:25)
at PageLayer.RegisterSuccessPage.getCurrentUrl1(RegisterSuccessPage.java:25)
at PageLayer.RegisterSuccessPage.getCurrentUrl1(RegisterSuccessPage.java:25)
at PageLayer.RegisterSuccessPage.getCurrentUrl1(RegisterSuccessPage.java:25)
at PageLayer.RegisterSuccessPage.getCurrentUrl1(RegisterSuccessPage.java:25)
at PageLayer.RegisterSuccessPage.getCurrentUrl1(RegisterSuccessPage.java:25)
at PageLayer.RegisterSuccessPage.getCurrentUrl1(RegisterSuccessPage.java:25)
at PageLayer.RegisterSuccessPage.getCurrentUrl1(RegisterSuccessPage.java:25)
at PageLayer.RegisterSuccessPage.getCurrentUrl1(RegisterSuccessPage.java:25)
at PageLayer.RegisterSuccessPage.getCurrentUrl1(RegisterSuccessPage.java:25)
at PageLayer.RegisterSuccessPage.getCurrentUrl1(RegisterSuccessPage.java:25)
at PageLayer.RegisterSuccessPage.getCurrentUrl1(RegisterSuccessPage.java:25)
at PageLayer.RegisterSuccessPage.getCurrentUrl1(RegisterSuccessPage.java:25)
at PageLayer.RegisterSuccessPage.getCurrentUrl1(RegisterSuccessPage.java:25)
at PageLayer.RegisterSuccessPage.getCurrentUrl1(RegisterSuccessPage.java:25)
at PageLayer.RegisterSuccessPage.getCurrentUrl1(RegisterSuccessPage.java:25)
at PageLayer.RegisterSuccessPage.getCurrentUrl1(RegisterSuccessPage.java:25)
at PageLayer.RegisterSuccessPage.getCurrentUrl1(RegisterSuccessPage.java:25)
at PageLayer.RegisterSuccessPage.getCurrentUrl1(RegisterSuccessPage.java:25)
at PageLayer.RegisterSuccessPage.getCurrentUrl1(RegisterSuccessPage.java:25)
at PageLayer.RegisterSuccessPage.getCurrentUrl1(RegisterSuccessPage.java:25)
at PageLayer.RegisterSuccessPage.getCurrentUrl1(RegisterSuccessPage.java:25)
at PageLayer.RegisterSuccessPage.getCurrentUrl1(RegisterSuccessPage.java:25)
at PageLayer.RegisterSuccessPage.getCurrentUrl1(RegisterSuccessPage.java:25)
at PageLayer.RegisterSuccessPage.getCurrentUrl1(RegisterSuccessPage.java:25)
at PageLayer.RegisterSuccessPage.getCurrentUrl1(RegisterSuccessPage.java:25)
at PageLayer.RegisterSuccessPage.getCurrentUrl1(RegisterSuccessPage.java:25)
at PageLayer.RegisterSuccessPage.getCurrentUrl1(RegisterSuccessPage.java:25)
at PageLayer.RegisterSuccessPage.getCurrentUrl1(RegisterSuccessPage.java:25)
at PageLayer.RegisterSuccessPage.getCurrentUrl1(RegisterSuccessPage.java:25)
at PageLayer.RegisterSuccessPage.getCurrentUrl1(RegisterSuccessPage.java:25)
at PageLayer.RegisterSuccessPage.getCurrentUrl1(RegisterSuccessPage.java:25)
at PageLayer.RegisterSuccessPage.getCurrentUrl1(RegisterSuccessPage.java:25)
at PageLayer.RegisterSuccessPage.getCurrentUrl1(RegisterSuccessPage.java:25)
at PageLayer.RegisterSuccessPage.getCurrentUrl1(RegisterSuccessPage.java:25)
at PageLayer.RegisterSuccessPage.getCurrentUrl1(RegisterSuccessPage.java:25)
at PageLayer.RegisterSuccessPage.getCurrentUrl1(RegisterSuccessPage.java:25)
at PageLayer.RegisterSuccessPage.getCurrentUrl1(RegisterSuccessPage.java:25)
at PageLayer.RegisterSuccessPage.getCurrentUrl1(RegisterSuccessPage.java:25)
at PageLayer.RegisterSuccessPage.getCurrentUrl1(RegisterSuccessPage.java:25)
at PageLayer.RegisterSuccessPage.getCurrentUrl1(RegisterSuccessPage.java:25)
at PageLayer.RegisterSuccessPage.getCurrentUrl1(RegisterSuccessPage.java:25)
at PageLayer.RegisterSuccessPage.getCurrentUrl1(RegisterSuccessPage.java:25)
at PageLayer.RegisterSuccessPage.getCurrentUrl1(RegisterSuccessPage.java:25)
at PageLayer.RegisterSuccessPage.getCurrentUrl1(RegisterSuccessPage.java:25)
at PageLayer.RegisterSuccessPage.getCurrentUrl1(RegisterSuccessPage.java:25)
at PageLayer.RegisterSuccessPage.getCurrentUrl1(RegisterSuccessPage.java:25)
at PageLayer.RegisterSuccessPage.getCurrentUrl1(RegisterSuccessPage.java:25)
at PageLayer.RegisterSuccessPage.getCurrentUrl1(RegisterSuccessPage.java:25)
at PageLayer.RegisterSuccessPage.getCurrentUrl1(RegisterSuccessPage.java:25)
at PageLayer.RegisterSuccessPage.getCurrentUrl1(RegisterSuccessPage.java:25)
at PageLayer.RegisterSuccessPage.getCurrentUrl1(RegisterSuccessPage.java:25)
at PageLayer.RegisterSuccessPage.getCurrentUrl1(RegisterSuccessPage.java:25)
at PageLayer.RegisterSuccessPage.getCurrentUrl1(RegisterSuccessPage.java:25)
at PageLayer.RegisterSuccessPage.getCurrentUrl1(RegisterSuccessPage.java:25)
at PageLayer.RegisterSuccessPage.getCurrentUrl1(RegisterSuccessPage.java:25)
at PageLayer.RegisterSuccessPage.getCurrentUrl1(RegisterSuccessPage.java:25)
at PageLayer.RegisterSuccessPage.getCurrentUrl1(RegisterSuccessPage.java:25)
at PageLayer.RegisterSuccessPage.getCurrentUrl1(RegisterSuccessPage.java:25)
at PageLayer.RegisterSuccessPage.getCurrentUrl1(RegisterSuccessPage.java:25)
at PageLayer.RegisterSuccessPage.getCurrentUrl1(RegisterSuccessPage.java:25)
at PageLayer.RegisterSuccessPage.getCurrentUrl1(RegisterSuccessPage.java:25)
at PageLayer.RegisterSuccessPage.getCurrentUrl1(RegisterSuccessPage.java:25)
at PageLayer.RegisterSuccessPage.getCurrentUrl1(RegisterSuccessPage.java:25)
at PageLayer.RegisterSuccessPage.getCurrentUrl1(RegisterSuccessPage.java:25)
at PageLayer.RegisterSuccessPage.getCurrentUrl1(RegisterSuccessPage.java:25)
at PageLayer.RegisterSuccessPage.getCurrentUrl1(RegisterSuccessPage.java:25)
at PageLayer.RegisterSuccessPage.getCurrentUrl1(RegisterSuccessPage.java:25)
at PageLayer.RegisterSuccessPage.getCurrentUrl1(RegisterSuccessPage.java:25)
at PageLayer.RegisterSuccessPage.getCurrentUrl1(RegisterSuccessPage.java:25)
at PageLayer.RegisterSuccessPage.getCurrentUrl1(RegisterSuccessPage.java:25)
at PageLayer.RegisterSuccessPage.getCurrentUrl1(RegisterSuccessPage.java:25)
at PageLayer.RegisterSuccessPage.getCurrentUrl1(RegisterSuccessPage.java:25)
at PageLayer.RegisterSuccessPage.getCurrentUrl1(RegisterSuccessPage.java:25)
at PageLayer.RegisterSuccessPage.getCurrentUrl1(RegisterSuccessPage.java:25)
at PageLayer.RegisterSuccessPage.getCurrentUrl1(RegisterSuccessPage.java:25)
at PageLayer.RegisterSuccessPage.getCurrentUrl1(RegisterSuccessPage.java:25)
at PageLayer.RegisterSuccessPage.getCurrentUrl1(RegisterSuccessPage.java:25)
at PageLayer.RegisterSuccessPage.getCurrentUrl1(RegisterSuccessPage.java:25)
at PageLayer.RegisterSuccessPage.getCurrentUrl1(RegisterSuccessPage.java:25)
at PageLayer.RegisterSuccessPage.getCurrentUrl1(RegisterSuccessPage.java:25)
at PageLayer.RegisterSuccessPage.getCurrentUrl1(RegisterSuccessPage.java:25)
at PageLayer.RegisterSuccessPage.getCurrentUrl1(RegisterSuccessPage.java:25)
at PageLayer.RegisterSuccessPage.getCurrentUrl1(RegisterSuccessPage.java:25)
at PageLayer.RegisterSuccessPage.getCurrentUrl1(RegisterSuccessPage.java:25)
at PageLayer.RegisterSuccessPage.getCurrentUrl1(RegisterSuccessPage.java:25)
at PageLayer.RegisterSuccessPage.getCurrentUrl1(RegisterSuccessPage.java:25)
at PageLayer.RegisterSuccessPage.getCurrentUrl1(RegisterSuccessPage.java:25)
at PageLayer.RegisterSuccessPage.getCurrentUrl1(RegisterSuccessPage.java:25)
at PageLayer.RegisterSuccessPage.getCurrentUrl1(RegisterSuccessPage.java:25)
at PageLayer.RegisterSuccessPage.getCurrentUrl1(RegisterSuccessPage.java:25)
at PageLayer.RegisterSuccessPage.getCurrentUrl1(RegisterSuccessPage.java:25)
at PageLayer.RegisterSuccessPage.getCurrentUrl1(RegisterSuccessPage.java:25)
at PageLayer.RegisterSuccessPage.getCurrentUrl1(RegisterSuccessPage.java:25)
at PageLayer.RegisterSuccessPage.getCurrentUrl1(RegisterSuccessPage.java:25)
at PageLayer.RegisterSuccessPage.getCurrentUrl1(RegisterSuccessPage.java:25)
at PageLayer.RegisterSuccessPage.getCurrentUrl1(RegisterSuccessPage.java:25)
at PageLayer.RegisterSuccessPage.getCurrentUrl1(RegisterSuccessPage.java:25)
at PageLayer.RegisterSuccessPage.getCurrentUrl1(RegisterSuccessPage.java:25)
at PageLayer.RegisterSuccessPage.getCurrentUrl1(RegisterSuccessPage.java:25)
at PageLayer.RegisterSuccessPage.getCurrentUrl1(RegisterSuccessPage.java:25)
at PageLayer.RegisterSuccessPage.getCurrentUrl1(RegisterSuccessPage.java:25)
at PageLayer.RegisterSuccessPage.getCurrentUrl1(RegisterSuccessPage.java:25)
at PageLayer.RegisterSuccessPage.getCurrentUrl1(RegisterSuccessPage.java:25)
at PageLayer.RegisterSuccessPage.getCurrentUrl1(RegisterSuccessPage.java:25)
at PageLayer.RegisterSuccessPage.getCurrentUrl1(RegisterSuccessPage.java:25)
at PageLayer.RegisterSuccessPage.getCurrentUrl1(RegisterSuccessPage.java:25)
at PageLayer.RegisterSuccessPage.getCurrentUrl1(RegisterSuccessPage.java:25)
at PageLayer.RegisterSuccessPage.getCurrentUrl1(RegisterSuccessPage.java:25)
at PageLayer.RegisterSuccessPage.getCurrentUrl1(RegisterSuccessPage.java:25)
at PageLayer.RegisterSuccessPage.getCurrentUrl1(RegisterSuccessPage.java:25)
at PageLayer.RegisterSuccessPage.getCurrentUrl1(RegisterSuccessPage.java:25)
at PageLayer.RegisterSuccessPage.getCurrentUrl1(RegisterSuccessPage.java:25)
at PageLayer.RegisterSuccessPage.getCurrentUrl1(RegisterSuccessPage.java:25)
at PageLayer.RegisterSuccessPage.getCurrentUrl1(RegisterSuccessPage.java:25)
at PageLayer.RegisterSuccessPage.getCurrentUrl1(RegisterSuccessPage.java:25)
at PageLayer.RegisterSuccessPage.getCurrentUrl1(RegisterSuccessPage.java:25)
at PageLayer.RegisterSuccessPage.getCurrentUrl1(RegisterSuccessPage.java:25)
at PageLayer.RegisterSuccessPage.getCurrentUrl1(RegisterSuccessPage.java:25)
at PageLayer.RegisterSuccessPage.getCurrentUrl1(RegisterSuccessPage.java:25)
at PageLayer.RegisterSuccessPage.getCurrentUrl1(RegisterSuccessPage.java:25)
at PageLayer.RegisterSuccessPage.getCurrentUrl1(RegisterSuccessPage.java:25)
at PageLayer.RegisterSuccessPage.getCurrentUrl1(RegisterSuccessPage.java:25)
at PageLayer.RegisterSuccessPage.getCurrentUrl1(RegisterSuccessPage.java:25)
at PageLayer.RegisterSuccessPage.getCurrentUrl1(RegisterSuccessPage.java:25)
at PageLayer.RegisterSuccessPage.getCurrentUrl1(RegisterSuccessPage.java:25)
at PageLayer.RegisterSuccessPage.getCurrentUrl1(RegisterSuccessPage.java:25)
at PageLayer.RegisterSuccessPage.getCurrentUrl1(RegisterSuccessPage.java:25)
at PageLayer.RegisterSuccessPage.getCurrentUrl1(RegisterSuccessPage.java:25)
at PageLayer.RegisterSuccessPage.getCurrentUrl1(RegisterSuccessPage.java:25)
at PageLayer.RegisterSuccessPage.getCurrentUrl1(RegisterSuccessPage.java:25)
at PageLayer.RegisterSuccessPage.getCurrentUrl1(RegisterSuccessPage.java:25)
at PageLayer.RegisterSuccessPage.getCurrentUrl1(RegisterSuccessPage.java:25)
at PageLayer.RegisterSuccessPage.getCurrentUrl1(RegisterSuccessPage.java:25)
at PageLayer.RegisterSuccessPage.getCurrentUrl1(RegisterSuccessPage.java:25)
at PageLayer.RegisterSuccessPage.getCurrentUrl1(RegisterSuccessPage.java:25)
at PageLayer.RegisterSuccessPage.getCurrentUrl1(RegisterSuccessPage.java:25)
at PageLayer.RegisterSuccessPage.getCurrentUrl1(RegisterSuccessPage.java:25)
at PageLayer.RegisterSuccessPage.getCurrentUrl1(RegisterSuccessPage.java:25)
at PageLayer.RegisterSuccessPage.getCurrentUrl1(RegisterSuccessPage.java:25)
at PageLayer.RegisterSuccessPage.getCurrentUrl1(RegisterSuccessPage.java:25)
at PageLayer.RegisterSuccessPage.getCurrentUrl1(RegisterSuccessPage.java:25)
at PageLayer.RegisterSuccessPage.getCurrentUrl1(RegisterSuccessPage.java:25)
at PageLayer.RegisterSuccessPage.getCurrentUrl1(RegisterSuccessPage.java:25)
at PageLayer.RegisterSuccessPage.getCurrentUrl1(RegisterSuccessPage.java:25)
at PageLayer.RegisterSuccessPage.getCurrentUrl1(RegisterSuccessPage.java:25)
at PageLayer.RegisterSuccessPage.getCurrentUrl1(RegisterSuccessPage.java:25)
at PageLayer.RegisterSuccessPage.getCurrentUrl1(RegisterSuccessPage.java:25)
at PageLayer.RegisterSuccessPage.getCurrentUrl1(RegisterSuccessPage.java:25)
at PageLayer.RegisterSuccessPage.getCurrentUrl1(RegisterSuccessPage.java:25)
at PageLayer.RegisterSuccessPage.getCurrentUrl1(RegisterSuccessPage.java:25)
at PageLayer.RegisterSuccessPage.getCurrentUrl1(RegisterSuccessPage.java:25)
at PageLayer.RegisterSuccessPage.getCurrentUrl1(RegisterSuccessPage.java:25)
at PageLayer.RegisterSuccessPage.getCurrentUrl1(RegisterSuccessPage.java:25)
at PageLayer.RegisterSuccessPage.getCurrentUrl1(RegisterSuccessPage.java:25)
at PageLayer.RegisterSuccessPage.getCurrentUrl1(RegisterSuccessPage.java:25)
at PageLayer.RegisterSuccessPage.getCurrentUrl1(RegisterSuccessPage.java:25)
at PageLayer.RegisterSuccessPage.getCurrentUrl1(RegisterSuccessPage.java:25)
at PageLayer.RegisterSuccessPage.getCurrentUrl1(RegisterSuccessPage.java:25)
at PageLayer.RegisterSuccessPage.getCurrentUrl1(RegisterSuccessPage.java:25)
at PageLayer.RegisterSuccessPage.getCurrentUrl1(RegisterSuccessPage.java:25)
at PageLayer.RegisterSuccessPage.getCurrentUrl1(RegisterSuccessPage.java:25)
at PageLayer.RegisterSuccessPage.getCurrentUrl1(RegisterSuccessPage.java:25)
at PageLayer.RegisterSuccessPage.getCurrentUrl1(RegisterSuccessPage.java:25)
at PageLayer.RegisterSuccessPage.getCurrentUrl1(RegisterSuccessPage.java:25)
at PageLayer.RegisterSuccessPage.getCurrentUrl1(RegisterSuccessPage.java:25)
at PageLayer.RegisterSuccessPage.getCurrentUrl1(RegisterSuccessPage.java:25)
at PageLayer.RegisterSuccessPage.getCurrentUrl1(RegisterSuccessPage.java:25)
at PageLayer.RegisterSuccessPage.getCurrentUrl1(RegisterSuccessPage.java:25)
at PageLayer.RegisterSuccessPage.getCurrentUrl1(RegisterSuccessPage.java:25)
at PageLayer.RegisterSuccessPage.getCurrentUrl1(RegisterSuccessPage.java:25)
at PageLayer.RegisterSuccessPage.getCurrentUrl1(RegisterSuccessPage.java:25)
at PageLayer.RegisterSuccessPage.getCurrentUrl1(RegisterSuccessPage.java:25)
at PageLayer.RegisterSuccessPage.getCurrentUrl1(RegisterSuccessPage.java:25)
at PageLayer.RegisterSuccessPage.getCurrentUrl1(RegisterSuccessPage.java:25)
at PageLayer.RegisterSuccessPage.getCurrentUrl1(RegisterSuccessPage.java:25)
at PageLayer.RegisterSuccessPage.getCurrentUrl1(RegisterSuccessPage.java:25)
at PageLayer.RegisterSuccessPage.getCurrentUrl1(RegisterSuccessPage.java:25)
at PageLayer.RegisterSuccessPage.getCurrentUrl1(RegisterSuccessPage.java:25)
at PageLayer.RegisterSuccessPage.getCurrentUrl1(RegisterSuccessPage.java:25)
at PageLayer.RegisterSuccessPage.getCurrentUrl1(RegisterSuccessPage.java:25)
at PageLayer.RegisterSuccessPage.getCurrentUrl1(RegisterSuccessPage.java:25)
at PageLayer.RegisterSuccessPage.getCurrentUrl1(RegisterSuccessPage.java:25)
at PageLayer.RegisterSuccessPage.getCurrentUrl1(RegisterSuccessPage.java:25)
at PageLayer.RegisterSuccessPage.getCurrentUrl1(RegisterSuccessPage.java:25)
at PageLayer.RegisterSuccessPage.getCurrentUrl1(RegisterSuccessPage.java:25)
at PageLayer.RegisterSuccessPage.getCurrentUrl1(RegisterSuccessPage.java:25)
at PageLayer.RegisterSuccessPage.getCurrentUrl1(RegisterSuccessPage.java:25)
at PageLayer.RegisterSuccessPage.getCurrentUrl1(RegisterSuccessPage.java:25)
at PageLayer.RegisterSuccessPage.getCurrentUrl1(RegisterSuccessPage.java:25)
at PageLayer.RegisterSuccessPage.getCurrentUrl1(RegisterSuccessPage.java:25)
at PageLayer.RegisterSuccessPage.getCurrentUrl1(RegisterSuccessPage.java:25)
at PageLayer.RegisterSuccessPage.getCurrentUrl1(RegisterSuccessPage.java:25)
at PageLayer.RegisterSuccessPage.getCurrentUrl1(RegisterSuccessPage.java:25)
at PageLayer.RegisterSuccessPage.getCurrentUrl1(RegisterSuccessPage.java:25)
at PageLayer.RegisterSuccessPage.getCurrentUrl1(RegisterSuccessPage.java:25)
at PageLayer.RegisterSuccessPage.getCurrentUrl1(RegisterSuccessPage.java:25)
at PageLayer.RegisterSuccessPage.getCurrentUrl1(RegisterSuccessPage.java:25)
at PageLayer.RegisterSuccessPage.getCurrentUrl1(RegisterSuccessPage.java:25)
at PageLayer.RegisterSuccessPage.getCurrentUrl1(RegisterSuccessPage.java:25)
at PageLayer.RegisterSuccessPage.getCurrentUrl1(RegisterSuccessPage.java:25)
at PageLayer.RegisterSuccessPage.getCurrentUrl1(RegisterSuccessPage.java:25)
at PageLayer.RegisterSuccessPage.getCurrentUrl1(RegisterSuccessPage.java:25)
at PageLayer.RegisterSuccessPage.getCurrentUrl1(RegisterSuccessPage.java:25)
at PageLayer.RegisterSuccessPage.getCurrentUrl1(RegisterSuccessPage.java:25)
at PageLayer.RegisterSuccessPage.getCurrentUrl1(RegisterSuccessPage.java:25)
at PageLayer.RegisterSuccessPage.getCurrentUrl1(RegisterSuccessPage.java:25)
at PageLayer.RegisterSuccessPage.getCurrentUrl1(RegisterSuccessPage.java:25)
at PageLayer.RegisterSuccessPage.getCurrentUrl1(RegisterSuccessPage.java:25)
at PageLayer.RegisterSuccessPage.getCurrentUrl1(RegisterSuccessPage.java:25)
at PageLayer.RegisterSuccessPage.getCurrentUrl1(RegisterSuccessPage.java:25)
at PageLayer.RegisterSuccessPage.getCurrentUrl1(RegisterSuccessPage.java:25)
at PageLayer.RegisterSuccessPage.getCurrentUrl1(RegisterSuccessPage.java:25)
at PageLayer.RegisterSuccessPage.getCurrentUrl1(RegisterSuccessPage.java:25)
at PageLayer.RegisterSuccessPage.getCurrentUrl1(RegisterSuccessPage.java:25)
at PageLayer.RegisterSuccessPage.getCurrentUrl1(RegisterSuccessPage.java:25)
at PageLayer.RegisterSuccessPage.getCurrentUrl1(RegisterSuccessPage.java:25)
at PageLayer.RegisterSuccessPage.getCurrentUrl1(RegisterSuccessPage.java:25)
at PageLayer.RegisterSuccessPage.getCurrentUrl1(RegisterSuccessPage.java:25)
at PageLayer.RegisterSuccessPage.getCurrentUrl1(RegisterSuccessPage.java:25)
at PageLayer.RegisterSuccessPage.getCurrentUrl1(RegisterSuccessPage.java:25)
at PageLayer.RegisterSuccessPage.getCurrentUrl1(RegisterSuccessPage.java:25)
at PageLayer.RegisterSuccessPage.getCurrentUrl1(RegisterSuccessPage.java:25)
at PageLayer.RegisterSuccessPage.getCurrentUrl1(RegisterSuccessPage.java:25)
at PageLayer.RegisterSuccessPage.getCurrentUrl1(RegisterSuccessPage.java:25)
at PageLayer.RegisterSuccessPage.getCurrentUrl1(RegisterSuccessPage.java:25)
at PageLayer.RegisterSuccessPage.getCurrentUrl1(RegisterSuccessPage.java:25)
at PageLayer.RegisterSuccessPage.getCurrentUrl1(RegisterSuccessPage.java:25)
at PageLayer.RegisterSuccessPage.getCurrentUrl1(RegisterSuccessPage.java:25)
at PageLayer.RegisterSuccessPage.getCurrentUrl1(RegisterSuccessPage.java:25)
at PageLayer.RegisterSuccessPage.getCurrentUrl1(RegisterSuccessPage.java:25)
at PageLayer.RegisterSuccessPage.getCurrentUrl1(RegisterSuccessPage.java:25)
at PageLayer.RegisterSuccessPage.getCurrentUrl1(RegisterSuccessPage.java:25)
at PageLayer.RegisterSuccessPage.getCurrentUrl1(RegisterSuccessPage.java:25)
at PageLayer.RegisterSuccessPage.getCurrentUrl1(RegisterSuccessPage.java:25)
at PageLayer.RegisterSuccessPage.getCurrentUrl1(RegisterSuccessPage.java:25)
at PageLayer.RegisterSuccessPage.getCurrentUrl1(RegisterSuccessPage.java:25)
at PageLayer.RegisterSuccessPage.getCurrentUrl1(RegisterSuccessPage.java:25)
at PageLayer.RegisterSuccessPage.getCurrentUrl1(RegisterSuccessPage.java:25)
at PageLayer.RegisterSuccessPage.getCurrentUrl1(RegisterSuccessPage.java:25)
at PageLayer.RegisterSuccessPage.getCurrentUrl1(RegisterSuccessPage.java:25)
at PageLayer.RegisterSuccessPage.getCurrentUrl1(RegisterSuccessPage.java:25)
at PageLayer.RegisterSuccessPage.getCurrentUrl1(RegisterSuccessPage.java:25)
at PageLayer.RegisterSuccessPage.getCurrentUrl1(RegisterSuccessPage.java:25)
at PageLayer.RegisterSuccessPage.getCurrentUrl1(RegisterSuccessPage.java:25)
at PageLayer.RegisterSuccessPage.getCurrentUrl1(RegisterSuccessPage.java:25)
at PageLayer.RegisterSuccessPage.getCurrentUrl1(RegisterSuccessPage.java:25)
at PageLayer.RegisterSuccessPage.getCurrentUrl1(RegisterSuccessPage.java:25)
at PageLayer.RegisterSuccessPage.getCurrentUrl1(RegisterSuccessPage.java:25)
at PageLayer.RegisterSuccessPage.getCurrentUrl1(RegisterSuccessPage.java:25)
at PageLayer.RegisterSuccessPage.getCurrentUrl1(RegisterSuccessPage.java:25)
at PageLayer.RegisterSuccessPage.getCurrentUrl1(RegisterSuccessPage.java:25)
at PageLayer.RegisterSuccessPage.getCurrentUrl1(RegisterSuccessPage.java:25)
at PageLayer.RegisterSuccessPage.getCurrentUrl1(RegisterSuccessPage.java:25)
at PageLayer.RegisterSuccessPage.getCurrentUrl1(RegisterSuccessPage.java:25)
at PageLayer.RegisterSuccessPage.getCurrentUrl1(RegisterSuccessPage.java:25)
at PageLayer.RegisterSuccessPage.getCurrentUrl1(RegisterSuccessPage.java:25)
at PageLayer.RegisterSuccessPage.getCurrentUrl1(RegisterSuccessPage.java:25)
at PageLayer.RegisterSuccessPage.getCurrentUrl1(RegisterSuccessPage.java:25)
at PageLayer.RegisterSuccessPage.getCurrentUrl1(RegisterSuccessPage.java:25)
at PageLayer.RegisterSuccessPage.getCurrentUrl1(RegisterSuccessPage.java:25)
at PageLayer.RegisterSuccessPage.getCurrentUrl1(RegisterSuccessPage.java:25)
at PageLayer.RegisterSuccessPage.getCurrentUrl1(RegisterSuccessPage.java:25)
at PageLayer.RegisterSuccessPage.getCurrentUrl1(RegisterSuccessPage.java:25)
at PageLayer.RegisterSuccessPage.getCurrentUrl1(RegisterSuccessPage.java:25)
at PageLayer.RegisterSuccessPage.getCurrentUrl1(RegisterSuccessPage.java:25)
at PageLayer.RegisterSuccessPage.getCurrentUrl1(RegisterSuccessPage.java:25)
at PageLayer.RegisterSuccessPage.getCurrentUrl1(RegisterSuccessPage.java:25)
at PageLayer.RegisterSuccessPage.getCurrentUrl1(RegisterSuccessPage.java:25)
at PageLayer.RegisterSuccessPage.getCurrentUrl1(RegisterSuccessPage.java:25)
at PageLayer.RegisterSuccessPage.getCurrentUrl1(RegisterSuccessPage.java:25)
at PageLayer.RegisterSuccessPage.getCurrentUrl1(RegisterSuccessPage.java:25)
at PageLayer.RegisterSuccessPage.getCurrentUrl1(RegisterSuccessPage.java:25)
at PageLayer.RegisterSuccessPage.getCurrentUrl1(RegisterSuccessPage.java:25)
at PageLayer.RegisterSuccessPage.getCurrentUrl1(RegisterSuccessPage.java:25)
at PageLayer.RegisterSuccessPage.getCurrentUrl1(RegisterSuccessPage.java:25)
at PageLayer.RegisterSuccessPage.getCurrentUrl1(RegisterSuccessPage.java:25)
at PageLayer.RegisterSuccessPage.getCurrentUrl1(RegisterSuccessPage.java:25)
at PageLayer.RegisterSuccessPage.getCurrentUrl1(RegisterSuccessPage.java:25)
at PageLayer.RegisterSuccessPage.getCurrentUrl1(RegisterSuccessPage.java:25)
at PageLayer.RegisterSuccessPage.getCurrentUrl1(RegisterSuccessPage.java:25)
at PageLayer.RegisterSuccessPage.getCurrentUrl1(RegisterSuccessPage.java:25)
at PageLayer.RegisterSuccessPage.getCurrentUrl1(RegisterSuccessPage.java:25)
at PageLayer.RegisterSuccessPage.getCurrentUrl1(RegisterSuccessPage.java:25)
at PageLayer.RegisterSuccessPage.getCurrentUrl1(RegisterSuccessPage.java:25)
at PageLayer.RegisterSuccessPage.getCurrentUrl1(RegisterSuccessPage.java:25)
at PageLayer.RegisterSuccessPage.getCurrentUrl1(RegisterSuccessPage.java:25)
at PageLayer.RegisterSuccessPage.getCurrentUrl1(RegisterSuccessPage.java:25)
at PageLayer.RegisterSuccessPage.getCurrentUrl1(RegisterSuccessPage.java:25)
at PageLayer.RegisterSuccessPage.getCurrentUrl1(RegisterSuccessPage.java:25)
at PageLayer.RegisterSuccessPage.getCurrentUrl1(RegisterSuccessPage.java:25)
at PageLayer.RegisterSuccessPage.getCurrentUrl1(RegisterSuccessPage.java:25)
at PageLayer.RegisterSuccessPage.getCurrentUrl1(RegisterSuccessPage.java:25)
at PageLayer.RegisterSuccessPage.getCurrentUrl1(RegisterSuccessPage.java:25)
at PageLayer.RegisterSuccessPage.getCurrentUrl1(RegisterSuccessPage.java:25)
at PageLayer.RegisterSuccessPage.getCurrentUrl1(RegisterSuccessPage.java:25)
at PageLayer.RegisterSuccessPage.getCurrentUrl1(RegisterSuccessPage.java:25)
at PageLayer.RegisterSuccessPage.getCurrentUrl1(RegisterSuccessPage.java:25)
at PageLayer.RegisterSuccessPage.getCurrentUrl1(RegisterSuccessPage.java:25)
at PageLayer.RegisterSuccessPage.getCurrentUrl1(RegisterSuccessPage.java:25)
at PageLayer.RegisterSuccessPage.getCurrentUrl1(RegisterSuccessPage.java:25)
at PageLayer.RegisterSuccessPage.getCurrentUrl1(RegisterSuccessPage.java:25)
at PageLayer.RegisterSuccessPage.getCurrentUrl1(RegisterSuccessPage.java:25)
at PageLayer.RegisterSuccessPage.getCurrentUrl1(RegisterSuccessPage.java:25)
at PageLayer.RegisterSuccessPage.getCurrentUrl1(RegisterSuccessPage.java:25)
at PageLayer.RegisterSuccessPage.getCurrentUrl1(RegisterSuccessPage.java:25)
at PageLayer.RegisterSuccessPage.getCurrentUrl1(RegisterSuccessPage.java:25)
at PageLayer.RegisterSuccessPage.getCurrentUrl1(RegisterSuccessPage.java:25)
at PageLayer.RegisterSuccessPage.getCurrentUrl1(RegisterSuccessPage.java:25)
at PageLayer.RegisterSuccessPage.getCurrentUrl1(RegisterSuccessPage.java:25)
at PageLayer.RegisterSuccessPage.getCurrentUrl1(RegisterSuccessPage.java:25)
at PageLayer.RegisterSuccessPage.getCurrentUrl1(RegisterSuccessPage.java:25)
at PageLayer.RegisterSuccessPage.getCurrentUrl1(RegisterSuccessPage.java:25)
at PageLayer.RegisterSuccessPage.getCurrentUrl1(RegisterSuccessPage.java:25)
at PageLayer.RegisterSuccessPage.getCurrentUrl1(RegisterSuccessPage.java:25)
at PageLayer.RegisterSuccessPage.getCurrentUrl1(RegisterSuccessPage.java:25)
at PageLayer.RegisterSuccessPage.getCurrentUrl1(RegisterSuccessPage.java:25)
at PageLayer.RegisterSuccessPage.getCurrentUrl1(RegisterSuccessPage.java:25)
at PageLayer.RegisterSuccessPage.getCurrentUrl1(RegisterSuccessPage.java:25)
at PageLayer.RegisterSuccessPage.getCurrentUrl1(RegisterSuccessPage.java:25)
at PageLayer.RegisterSuccessPage.getCurrentUrl1(RegisterSuccessPage.java:25)
at PageLayer.RegisterSuccessPage.getCurrentUrl1(RegisterSuccessPage.java:25)
at PageLayer.RegisterSuccessPage.getCurrentUrl1(RegisterSuccessPage.java:25)
at PageLayer.RegisterSuccessPage.getCurrentUrl1(RegisterSuccessPage.java:25)
at PageLayer.RegisterSuccessPage.getCurrentUrl1(RegisterSuccessPage.java:25)
at PageLayer.RegisterSuccessPage.getCurrentUrl1(RegisterSuccessPage.java:25)
at PageLayer.RegisterSuccessPage.getCurrentUrl1(RegisterSuccessPage.java:25)
at PageLayer.RegisterSuccessPage.getCurrentUrl1(RegisterSuccessPage.java:25)
at PageLayer.RegisterSuccessPage.getCurrentUrl1(RegisterSuccessPage.java:25)
at PageLayer.RegisterSuccessPage.getCurrentUrl1(RegisterSuccessPage.java:25)
at PageLayer.RegisterSuccessPage.getCurrentUrl1(RegisterSuccessPage.java:25)
at PageLayer.RegisterSuccessPage.getCurrentUrl1(RegisterSuccessPage.java:25)
at PageLayer.RegisterSuccessPage.getCurrentUrl1(RegisterSuccessPage.java:25)
at PageLayer.RegisterSuccessPage.getCurrentUrl1(RegisterSuccessPage.java:25)
at PageLayer.RegisterSuccessPage.getCurrentUrl1(RegisterSuccessPage.java:25)
at PageLayer.RegisterSuccessPage.getCurrentUrl1(RegisterSuccessPage.java:25)
at PageLayer.RegisterSuccessPage.getCurrentUrl1(RegisterSuccessPage.java:25)
at PageLayer.RegisterSuccessPage.getCurrentUrl1(RegisterSuccessPage.java:25)
at PageLayer.RegisterSuccessPage.getCurrentUrl1(RegisterSuccessPage.java:25)
at PageLayer.RegisterSuccessPage.getCurrentUrl1(RegisterSuccessPage.java:25)
at PageLayer.RegisterSuccessPage.getCurrentUrl1(RegisterSuccessPage.java:25)
at PageLayer.RegisterSuccessPage.getCurrentUrl1(RegisterSuccessPage.java:25)
at PageLayer.RegisterSuccessPage.getCurrentUrl1(RegisterSuccessPage.java:25)
at PageLayer.RegisterSuccessPage.getCurrentUrl1(RegisterSuccessPage.java:25)
at PageLayer.RegisterSuccessPage.getCurrentUrl1(RegisterSuccessPage.java:25)
at PageLayer.RegisterSuccessPage.getCurrentUrl1(RegisterSuccessPage.java:25)
at PageLayer.RegisterSuccessPage.getCurrentUrl1(RegisterSuccessPage.java:25)
at PageLayer.RegisterSuccessPage.getCurrentUrl1(RegisterSuccessPage.java:25)
at PageLayer.RegisterSuccessPage.getCurrentUrl1(RegisterSuccessPage.java:25)
at PageLayer.RegisterSuccessPage.getCurrentUrl1(RegisterSuccessPage.java:25)
at PageLayer.RegisterSuccessPage.getCurrentUrl1(RegisterSuccessPage.java:25)
at PageLayer.RegisterSuccessPage.getCurrentUrl1(RegisterSuccessPage.java:25)
at PageLayer.RegisterSuccessPage.getCurrentUrl1(RegisterSuccessPage.java:25)
at PageLayer.RegisterSuccessPage.getCurrentUrl1(RegisterSuccessPage.java:25)
at PageLayer.RegisterSuccessPage.getCurrentUrl1(RegisterSuccessPage.java:25)
at PageLayer.RegisterSuccessPage.getCurrentUrl1(RegisterSuccessPage.java:25)
at PageLayer.RegisterSuccessPage.getCurrentUrl1(RegisterSuccessPage.java:25)
at PageLayer.RegisterSuccessPage.getCurrentUrl1(RegisterSuccessPage.java:25)
at PageLayer.RegisterSuccessPage.getCurrentUrl1(RegisterSuccessPage.java:25)
at PageLayer.RegisterSuccessPage.getCurrentUrl1(RegisterSuccessPage.java:25)
at PageLayer.RegisterSuccessPage.getCurrentUrl1(RegisterSuccessPage.java:25)
at PageLayer.RegisterSuccessPage.getCurrentUrl1(RegisterSuccessPage.java:25)
at PageLayer.RegisterSuccessPage.getCurrentUrl1(RegisterSuccessPage.java:25)
at PageLayer.RegisterSuccessPage.getCurrentUrl1(RegisterSuccessPage.java:25)
at PageLayer.RegisterSuccessPage.getCurrentUrl1(RegisterSuccessPage.java:25)
at PageLayer.RegisterSuccessPage.getCurrentUrl1(RegisterSuccessPage.java:25)
at PageLayer.RegisterSuccessPage.getCurrentUrl1(RegisterSuccessPage.java:25)
at PageLayer.RegisterSuccessPage.getCurrentUrl1(RegisterSuccessPage.java:25)
at PageLayer.RegisterSuccessPage.getCurrentUrl1(RegisterSuccessPage.java:25)
at PageLayer.RegisterSuccessPage.getCurrentUrl1(RegisterSuccessPage.java:25)
at PageLayer.RegisterSuccessPage.getCurrentUrl1(RegisterSuccessPage.java:25)
at PageLayer.RegisterSuccessPage.getCurrentUrl1(RegisterSuccessPage.java:25)
at PageLayer.RegisterSuccessPage.getCurrentUrl1(RegisterSuccessPage.java:25)
at PageLayer.RegisterSuccessPage.getCurrentUrl1(RegisterSuccessPage.java:25)
at PageLayer.RegisterSuccessPage.getCurrentUrl1(RegisterSuccessPage.java:25)
at PageLayer.RegisterSuccessPage.getCurrentUrl1(RegisterSuccessPage.java:25)
at PageLayer.RegisterSuccessPage.getCurrentUrl1(RegisterSuccessPage.java:25)
at PageLayer.RegisterSuccessPage.getCurrentUrl1(RegisterSuccessPage.java:25)
at PageLayer.RegisterSuccessPage.getCurrentUrl1(RegisterSuccessPage.java:25)
at PageLayer.RegisterSuccessPage.getCurrentUrl1(RegisterSuccessPage.java:25)
at PageLayer.RegisterSuccessPage.getCurrentUrl1(RegisterSuccessPage.java:25)
at PageLayer.RegisterSuccessPage.getCurrentUrl1(RegisterSuccessPage.java:25)
at PageLayer.RegisterSuccessPage.getCurrentUrl1(RegisterSuccessPage.java:25)
at PageLayer.RegisterSuccessPage.getCurrentUrl1(RegisterSuccessPage.java:25)
at PageLayer.RegisterSuccessPage.getCurrentUrl1(RegisterSuccessPage.java:25)
at PageLayer.RegisterSuccessPage.getCurrentUrl1(RegisterSuccessPage.java:25)
at PageLayer.RegisterSuccessPage.getCurrentUrl1(RegisterSuccessPage.java:25)
at PageLayer.RegisterSuccessPage.getCurrentUrl1(RegisterSuccessPage.java:25)
at PageLayer.RegisterSuccessPage.getCurrentUrl1(RegisterSuccessPage.java:25)
at PageLayer.RegisterSuccessPage.getCurrentUrl1(RegisterSuccessPage.java:25)
at PageLayer.RegisterSuccessPage.getCurrentUrl1(RegisterSuccessPage.java:25)
at PageLayer.RegisterSuccessPage.getCurrentUrl1(RegisterSuccessPage.java:25)
at PageLayer.RegisterSuccessPage.getCurrentUrl1(RegisterSuccessPage.java:25)
at PageLayer.RegisterSuccessPage.getCurrentUrl1(RegisterSuccessPage.java:25)
at PageLayer.RegisterSuccessPage.getCurrentUrl1(RegisterSuccessPage.java:25)
at PageLayer.RegisterSuccessPage.getCurrentUrl1(RegisterSuccessPage.java:25)
at PageLayer.RegisterSuccessPage.getCurrentUrl1(RegisterSuccessPage.java:25)
at PageLayer.RegisterSuccessPage.getCurrentUrl1(RegisterSuccessPage.java:25)
at PageLayer.RegisterSuccessPage.getCurrentUrl1(RegisterSuccessPage.java:25)
at PageLayer.RegisterSuccessPage.getCurrentUrl1(RegisterSuccessPage.java:25)
at PageLayer.RegisterSuccessPage.getCurrentUrl1(RegisterSuccessPage.java:25)
at PageLayer.RegisterSuccessPage.getCurrentUrl1(RegisterSuccessPage.java:25)
at PageLayer.RegisterSuccessPage.getCurrentUrl1(RegisterSuccessPage.java:25)
at PageLayer.RegisterSuccessPage.getCurrentUrl1(RegisterSuccessPage.java:25)
at PageLayer.RegisterSuccessPage.getCurrentUrl1(RegisterSuccessPage.java:25)
at PageLayer.RegisterSuccessPage.getCurrentUrl1(RegisterSuccessPage.java:25)
at PageLayer.RegisterSuccessPage.getCurrentUrl1(RegisterSuccessPage.java:25)
at PageLayer.RegisterSuccessPage.getCurrentUrl1(RegisterSuccessPage.java:25)
at PageLayer.RegisterSuccessPage.getCurrentUrl1(RegisterSuccessPage.java:25)
at PageLayer.RegisterSuccessPage.getCurrentUrl1(RegisterSuccessPage.java:25)
at PageLayer.RegisterSuccessPage.getCurrentUrl1(RegisterSuccessPage.java:25)
at PageLayer.RegisterSuccessPage.getCurrentUrl1(RegisterSuccessPage.java:25)
at PageLayer.RegisterSuccessPage.getCurrentUrl1(RegisterSuccessPage.java:25)
at PageLayer.RegisterSuccessPage.getCurrentUrl1(RegisterSuccessPage.java:25)
at PageLayer.RegisterSuccessPage.getCurrentUrl1(RegisterSuccessPage.java:25)
at PageLayer.RegisterSuccessPage.getCurrentUrl1(RegisterSuccessPage.java:25)
at PageLayer.RegisterSuccessPage.getCurrentUrl1(RegisterSuccessPage.java:25)
at PageLayer.RegisterSuccessPage.getCurrentUrl1(RegisterSuccessPage.java:25)
at PageLayer.RegisterSuccessPage.getCurrentUrl1(RegisterSuccessPage.java:25)
at PageLayer.RegisterSuccessPage.getCurrentUrl1(RegisterSuccessPage.java:25)
at PageLayer.RegisterSuccessPage.getCurrentUrl1(RegisterSuccessPage.java:25)
at PageLayer.RegisterSuccessPage.getCurrentUrl1(RegisterSuccessPage.java:25)
at PageLayer.RegisterSuccessPage.getCurrentUrl1(RegisterSuccessPage.java:25)
at PageLayer.RegisterSuccessPage.getCurrentUrl1(RegisterSuccessPage.java:25)
at PageLayer.RegisterSuccessPage.getCurrentUrl1(RegisterSuccessPage.java:25)
at PageLayer.RegisterSuccessPage.getCurrentUrl1(RegisterSuccessPage.java:25)
at PageLayer.RegisterSuccessPage.getCurrentUrl1(RegisterSuccessPage.java:25)
at PageLayer.RegisterSuccessPage.getCurrentUrl1(RegisterSuccessPage.java:25)
at PageLayer.RegisterSuccessPage.getCurrentUrl1(RegisterSuccessPage.java:25)
at PageLayer.RegisterSuccessPage.getCurrentUrl1(RegisterSuccessPage.java:25)
at PageLayer.RegisterSuccessPage.getCurrentUrl1(RegisterSuccessPage.java:25)
at PageLayer.RegisterSuccessPage.getCurrentUrl1(RegisterSuccessPage.java:25)
at PageLayer.RegisterSuccessPage.getCurrentUrl1(RegisterSuccessPage.java:25)
at PageLayer.RegisterSuccessPage.getCurrentUrl1(RegisterSuccessPage.java:25)
at PageLayer.RegisterSuccessPage.getCurrentUrl1(RegisterSuccessPage.java:25)
at PageLayer.RegisterSuccessPage.getCurrentUrl1(RegisterSuccessPage.java:25)
at PageLayer.RegisterSuccessPage.getCurrentUrl1(RegisterSuccessPage.java:25)
at PageLayer.RegisterSuccessPage.getCurrentUrl1(RegisterSuccessPage.java:25)
at PageLayer.RegisterSuccessPage.getCurrentUrl1(RegisterSuccessPage.java:25)
at PageLayer.RegisterSuccessPage.getCurrentUrl1(RegisterSuccessPage.java:25)
at PageLayer.RegisterSuccessPage.getCurrentUrl1(RegisterSuccessPage.java:25)
at PageLayer.RegisterSuccessPage.getCurrentUrl1(RegisterSuccessPage.java:25)
at PageLayer.RegisterSuccessPage.getCurrentUrl1(RegisterSuccessPage.java:25)
at PageLayer.RegisterSuccessPage.getCurrentUrl1(RegisterSuccessPage.java:25)
at PageLayer.RegisterSuccessPage.getCurrentUrl1(RegisterSuccessPage.java:25)
at PageLayer.RegisterSuccessPage.getCurrentUrl1(RegisterSuccessPage.java:25)
at PageLayer.RegisterSuccessPage.getCurrentUrl1(RegisterSuccessPage.java:25)
at PageLayer.RegisterSuccessPage.getCurrentUrl1(RegisterSuccessPage.java:25)
at PageLayer.RegisterSuccessPage.getCurrentUrl1(RegisterSuccessPage.java:25)
at PageLayer.RegisterSuccessPage.getCurrentUrl1(RegisterSuccessPage.java:25)
at PageLayer.RegisterSuccessPage.getCurrentUrl1(RegisterSuccessPage.java:25)
at PageLayer.RegisterSuccessPage.getCurrentUrl1(RegisterSuccessPage.java:25)
at PageLayer.RegisterSuccessPage.getCurrentUrl1(RegisterSuccessPage.java:25)
at PageLayer.RegisterSuccessPage.getCurrentUrl1(RegisterSuccessPage.java:25)
at PageLayer.RegisterSuccessPage.getCurrentUrl1(RegisterSuccessPage.java:25)
at PageLayer.RegisterSuccessPage.getCurrentUrl1(RegisterSuccessPage.java:25)
at PageLayer.RegisterSuccessPage.getCurrentUrl1(RegisterSuccessPage.java:25)
at PageLayer.RegisterSuccessPage.getCurrentUrl1(RegisterSuccessPage.java:25)
at PageLayer.RegisterSuccessPage.getCurrentUrl1(RegisterSuccessPage.java:25)
at PageLayer.RegisterSuccessPage.getCurrentUrl1(RegisterSuccessPage.java:25)
at PageLayer.RegisterSuccessPage.getCurrentUrl1(RegisterSuccessPage.java:25)
at PageLayer.RegisterSuccessPage.getCurrentUrl1(RegisterSuccessPage.java:25)
at PageLayer.RegisterSuccessPage.getCurrentUrl1(RegisterSuccessPage.java:25)
at PageLayer.RegisterSuccessPage.getCurrentUrl1(RegisterSuccessPage.java:25)
at PageLayer.RegisterSuccessPage.getCurrentUrl1(RegisterSuccessPage.java:25)
at PageLayer.RegisterSuccessPage.getCurrentUrl1(RegisterSuccessPage.java:25)
at PageLayer.RegisterSuccessPage.getCurrentUrl1(RegisterSuccessPage.java:25)
at PageLayer.RegisterSuccessPage.getCurrentUrl1(RegisterSuccessPage.java:25)
at PageLayer.RegisterSuccessPage.getCurrentUrl1(RegisterSuccessPage.java:25)
at PageLayer.RegisterSuccessPage.getCurrentUrl1(RegisterSuccessPage.java:25)
at PageLayer.RegisterSuccessPage.getCurrentUrl1(RegisterSuccessPage.java:25)
at PageLayer.RegisterSuccessPage.getCurrentUrl1(RegisterSuccessPage.java:25)
at PageLayer.RegisterSuccessPage.getCurrentUrl1(RegisterSuccessPage.java:25)
at PageLayer.RegisterSuccessPage.getCurrentUrl1(RegisterSuccessPage.java:25)
at PageLayer.RegisterSuccessPage.getCurrentUrl1(RegisterSuccessPage.java:25)
at PageLayer.RegisterSuccessPage.getCurrentUrl1(RegisterSuccessPage.java:25)
at PageLayer.RegisterSuccessPage.getCurrentUrl1(RegisterSuccessPage.java:25)
at PageLayer.RegisterSuccessPage.getCurrentUrl1(RegisterSuccessPage.java:25)
at PageLayer.RegisterSuccessPage.getCurrentUrl1(RegisterSuccessPage.java:25)
at PageLayer.RegisterSuccessPage.getCurrentUrl1(RegisterSuccessPage.java:25)
at PageLayer.RegisterSuccessPage.getCurrentUrl1(RegisterSuccessPage.java:25)
at PageLayer.RegisterSuccessPage.getCurrentUrl1(RegisterSuccessPage.java:25)
at PageLayer.RegisterSuccessPage.getCurrentUrl1(RegisterSuccessPage.java:25)
at PageLayer.RegisterSuccessPage.getCurrentUrl1(RegisterSuccessPage.java:25)
at PageLayer.RegisterSuccessPage.getCurrentUrl1(RegisterSuccessPage.java:25)
at PageLayer.RegisterSuccessPage.getCurrentUrl1(RegisterSuccessPage.java:25)
at PageLayer.RegisterSuccessPage.getCurrentUrl1(RegisterSuccessPage.java:25)
at PageLayer.RegisterSuccessPage.getCurrentUrl1(RegisterSuccessPage.java:25)
at PageLayer.RegisterSuccessPage.getCurrentUrl1(RegisterSuccessPage.java:25)
at PageLayer.RegisterSuccessPage.getCurrentUrl1(RegisterSuccessPage.java:25)
at PageLayer.RegisterSuccessPage.getCurrentUrl1(RegisterSuccessPage.java:25)
at PageLayer.RegisterSuccessPage.getCurrentUrl1(RegisterSuccessPage.java:25)
at PageLayer.RegisterSuccessPage.getCurrentUrl1(RegisterSuccessPage.java:25)
at PageLayer.RegisterSuccessPage.getCurrentUrl1(RegisterSuccessPage.java:25)
at PageLayer.RegisterSuccessPage.getCurrentUrl1(RegisterSuccessPage.java:25)
at PageLayer.RegisterSuccessPage.getCurrentUrl1(RegisterSuccessPage.java:25)
at PageLayer.RegisterSuccessPage.getCurrentUrl1(RegisterSuccessPage.java:25)
at PageLayer.RegisterSuccessPage.getCurrentUrl1(RegisterSuccessPage.java:25)
at PageLayer.RegisterSuccessPage.getCurrentUrl1(RegisterSuccessPage.java:25)
at PageLayer.RegisterSuccessPage.getCurrentUrl1(RegisterSuccessPage.java:25)
at PageLayer.RegisterSuccessPage.getCurrentUrl1(RegisterSuccessPage.java:25)
at PageLayer.RegisterSuccessPage.getCurrentUrl1(RegisterSuccessPage.java:25)
at PageLayer.RegisterSuccessPage.getCurrentUrl1(RegisterSuccessPage.java:25)
at PageLayer.RegisterSuccessPage.getCurrentUrl1(RegisterSuccessPage.java:25)
at PageLayer.RegisterSuccessPage.getCurrentUrl1(RegisterSuccessPage.java:25)
at PageLayer.RegisterSuccessPage.getCurrentUrl1(RegisterSuccessPage.java:25)
at PageLayer.RegisterSuccessPage.getCurrentUrl1(RegisterSuccessPage.java:25)
at PageLayer.RegisterSuccessPage.getCurrentUrl1(RegisterSuccessPage.java:25)
at PageLayer.RegisterSuccessPage.getCurrentUrl1(RegisterSuccessPage.java:25)
at PageLayer.RegisterSuccessPage.getCurrentUrl1(RegisterSuccessPage.java:25)
at PageLayer.RegisterSuccessPage.getCurrentUrl1(RegisterSuccessPage.java:25)
at PageLayer.RegisterSuccessPage.getCurrentUrl1(RegisterSuccessPage.java:25)
at PageLayer.RegisterSuccessPage.getCurrentUrl1(RegisterSuccessPage.java:25)
at PageLayer.RegisterSuccessPage.getCurrentUrl1(RegisterSuccessPage.java:25)
at PageLayer.RegisterSuccessPage.getCurrentUrl1(RegisterSuccessPage.java:25)
at PageLayer.RegisterSuccessPage.getCurrentUrl1(RegisterSuccessPage.java:25)
at PageLayer.RegisterSuccessPage.getCurrentUrl1(RegisterSuccessPage.java:25)
at PageLayer.RegisterSuccessPage.getCurrentUrl1(RegisterSuccessPage.java:25)
at PageLayer.RegisterSuccessPage.getCurrentUrl1(RegisterSuccessPage.java:25)
at PageLayer.RegisterSuccessPage.getCurrentUrl1(RegisterSuccessPage.java:25)
at PageLayer.RegisterSuccessPage.getCurrentUrl1(RegisterSuccessPage.java:25)
at PageLayer.RegisterSuccessPage.getCurrentUrl1(RegisterSuccessPage.java:25)
at PageLayer.RegisterSuccessPage.getCurrentUrl1(RegisterSuccessPage.java:25)
at PageLayer.RegisterSuccessPage.getCurrentUrl1(RegisterSuccessPage.java:25)
at PageLayer.RegisterSuccessPage.getCurrentUrl1(RegisterSuccessPage.java:25)
at PageLayer.RegisterSuccessPage.getCurrentUrl1(RegisterSuccessPage.java:25)
at PageLayer.RegisterSuccessPage.getCurrentUrl1(RegisterSuccessPage.java:25)
at PageLayer.RegisterSuccessPage.getCurrentUrl1(RegisterSuccessPage.java:25)
at PageLayer.RegisterSuccessPage.getCurrentUrl1(RegisterSuccessPage.java:25)
at PageLayer.RegisterSuccessPage.getCurrentUrl1(RegisterSuccessPage.java:25)
at PageLayer.RegisterSuccessPage.getCurrentUrl1(RegisterSuccessPage.java:25)
at PageLayer.RegisterSuccessPage.getCurrentUrl1(RegisterSuccessPage.java:25)
at PageLayer.RegisterSuccessPage.getCurrentUrl1(RegisterSuccessPage.java:25)
at PageLayer.RegisterSuccessPage.getCurrentUrl1(RegisterSuccessPage.java:25)
]]>
    </error>
  </testcase> <!-- validateSuccessPageUrl -->
  <system-out/>
  <testcase classname="TestLayer.RegisterSuccessPageTest" name="clickOntheSignUpLinkInSuccessPage" time="4.230"/>
  <system-out/>
</testsuite> <!-- TestLayer.RegisterSuccessPageTest -->
