<?xml version="1.0" encoding="UTF-8"?>
<!-- Generated by org.testng.reporters.JUnitReportReporter -->
<testsuite hostname="Admin-PC" failures="0" tests="1" name="TestLayer.LoginSucessPageTest" time="0.041" errors="0" timestamp="2023-07-23T23:06:06 IST" skipped="0">
  <testcase classname="TestLayer.LoginSucessPageTest" name="vailidatesucessFunctionality" time="0.041"/>
  <system-out/>
</testsuite> <!-- TestLayer.LoginSucessPageTest -->
